<?xml version="1.0" encoding="UTF-8"?>
<testsuites>
  <testsuite name="/home/wwwroot/erikwang2013/consul-php/phpunit.xml.dist" tests="309" assertions="440" errors="0" failures="0" skipped="0" time="4.704270">
    <testsuite name="default" tests="309" assertions="440" errors="0" failures="0" skipped="0" time="4.704270">
      <testsuite name="Erikwang2013\Consul\Tests\Api\AclTest" file="/home/wwwroot/erikwang2013/consul-php/tests/Api/AclTest.php" tests="30" assertions="31" errors="0" failures="0" skipped="0" time="0.610500">
        <testcase name="testBootstrap" file="/home/wwwroot/erikwang2013/consul-php/tests/Api/AclTest.php" line="21" class="Erikwang2013\Consul\Tests\Api\AclTest" classname="Erikwang2013.Consul.Tests.Api.AclTest" assertions="1" time="0.371518"/>
        <testcase name="testBootstrapPropagatesTransportError" file="/home/wwwroot/erikwang2013/consul-php/tests/Api/AclTest.php" line="30" class="Erikwang2013\Consul\Tests\Api\AclTest" classname="Erikwang2013.Consul.Tests.Api.AclTest" assertions="1" time="0.031948"/>
        <testcase name="testReplication" file="/home/wwwroot/erikwang2013/consul-php/tests/Api/AclTest.php" line="38" class="Erikwang2013\Consul\Tests\Api\AclTest" classname="Erikwang2013.Consul.Tests.Api.AclTest" assertions="2" time="0.001494"/>
        <testcase name="testTranslate" file="/home/wwwroot/erikwang2013/consul-php/tests/Api/AclTest.php" line="50" class="Erikwang2013\Consul\Tests\Api\AclTest" classname="Erikwang2013.Consul.Tests.Api.AclTest" assertions="1" time="0.011708"/>
        <testcase name="testTranslateEncodesAccessorId" file="/home/wwwroot/erikwang2013/consul-php/tests/Api/AclTest.php" line="59" class="Erikwang2013\Consul\Tests\Api\AclTest" classname="Erikwang2013.Consul.Tests.Api.AclTest" assertions="1" time="0.001059"/>
        <testcase name="testTokenList" file="/home/wwwroot/erikwang2013/consul-php/tests/Api/AclTest.php" line="68" class="Erikwang2013\Consul\Tests\Api\AclTest" classname="Erikwang2013.Consul.Tests.Api.AclTest" assertions="1" time="0.016604"/>
        <testcase name="testTokenCreate" file="/home/wwwroot/erikwang2013/consul-php/tests/Api/AclTest.php" line="77" class="Erikwang2013\Consul\Tests\Api\AclTest" classname="Erikwang2013.Consul.Tests.Api.AclTest" assertions="1" time="0.001016"/>
        <testcase name="testTokenRead" file="/home/wwwroot/erikwang2013/consul-php/tests/Api/AclTest.php" line="86" class="Erikwang2013\Consul\Tests\Api\AclTest" classname="Erikwang2013.Consul.Tests.Api.AclTest" assertions="1" time="0.017113"/>
        <testcase name="testTokenUpdate" file="/home/wwwroot/erikwang2013/consul-php/tests/Api/AclTest.php" line="95" class="Erikwang2013\Consul\Tests\Api\AclTest" classname="Erikwang2013.Consul.Tests.Api.AclTest" assertions="1" time="0.018674"/>
        <testcase name="testTokenDelete" file="/home/wwwroot/erikwang2013/consul-php/tests/Api/AclTest.php" line="104" class="Erikwang2013\Consul\Tests\Api\AclTest" classname="Erikwang2013.Consul.Tests.Api.AclTest" assertions="1" time="0.007995"/>
        <testcase name="testTokenDeleteEncodesAccessorId" file="/home/wwwroot/erikwang2013/consul-php/tests/Api/AclTest.php" line="113" class="Erikwang2013\Consul\Tests\Api\AclTest" classname="Erikwang2013.Consul.Tests.Api.AclTest" assertions="1" time="0.016739"/>
        <testcase name="testTokenClone" file="/home/wwwroot/erikwang2013/consul-php/tests/Api/AclTest.php" line="122" class="Erikwang2013\Consul\Tests\Api\AclTest" classname="Erikwang2013.Consul.Tests.Api.AclTest" assertions="1" time="0.013652"/>
        <testcase name="testRoleList" file="/home/wwwroot/erikwang2013/consul-php/tests/Api/AclTest.php" line="131" class="Erikwang2013\Consul\Tests\Api\AclTest" classname="Erikwang2013.Consul.Tests.Api.AclTest" assertions="1" time="0.017947"/>
        <testcase name="testRoleCreate" file="/home/wwwroot/erikwang2013/consul-php/tests/Api/AclTest.php" line="140" class="Erikwang2013\Consul\Tests\Api\AclTest" classname="Erikwang2013.Consul.Tests.Api.AclTest" assertions="1" time="0.001346"/>
        <testcase name="testRoleRead" file="/home/wwwroot/erikwang2013/consul-php/tests/Api/AclTest.php" line="149" class="Erikwang2013\Consul\Tests\Api\AclTest" classname="Erikwang2013.Consul.Tests.Api.AclTest" assertions="1" time="0.011669"/>
        <testcase name="testRoleUpdate" file="/home/wwwroot/erikwang2013/consul-php/tests/Api/AclTest.php" line="158" class="Erikwang2013\Consul\Tests\Api\AclTest" classname="Erikwang2013.Consul.Tests.Api.AclTest" assertions="1" time="0.001626"/>
        <testcase name="testRoleDelete" file="/home/wwwroot/erikwang2013/consul-php/tests/Api/AclTest.php" line="167" class="Erikwang2013\Consul\Tests\Api\AclTest" classname="Erikwang2013.Consul.Tests.Api.AclTest" assertions="1" time="0.001401"/>
        <testcase name="testPolicyList" file="/home/wwwroot/erikwang2013/consul-php/tests/Api/AclTest.php" line="176" class="Erikwang2013\Consul\Tests\Api\AclTest" classname="Erikwang2013.Consul.Tests.Api.AclTest" assertions="1" time="0.017385"/>
        <testcase name="testPolicyCreate" file="/home/wwwroot/erikwang2013/consul-php/tests/Api/AclTest.php" line="185" class="Erikwang2013\Consul\Tests\Api\AclTest" classname="Erikwang2013.Consul.Tests.Api.AclTest" assertions="1" time="0.001732"/>
        <testcase name="testPolicyRead" file="/home/wwwroot/erikwang2013/consul-php/tests/Api/AclTest.php" line="195" class="Erikwang2013\Consul\Tests\Api\AclTest" classname="Erikwang2013.Consul.Tests.Api.AclTest" assertions="1" time="0.012553"/>
        <testcase name="testPolicyUpdate" file="/home/wwwroot/erikwang2013/consul-php/tests/Api/AclTest.php" line="204" class="Erikwang2013\Consul\Tests\Api\AclTest" classname="Erikwang2013.Consul.Tests.Api.AclTest" assertions="1" time="0.001381"/>
        <testcase name="testPolicyDelete" file="/home/wwwroot/erikwang2013/consul-php/tests/Api/AclTest.php" line="213" class="Erikwang2013\Consul\Tests\Api\AclTest" classname="Erikwang2013.Consul.Tests.Api.AclTest" assertions="1" time="0.002227"/>
        <testcase name="testAuthMethodList" file="/home/wwwroot/erikwang2013/consul-php/tests/Api/AclTest.php" line="222" class="Erikwang2013\Consul\Tests\Api\AclTest" classname="Erikwang2013.Consul.Tests.Api.AclTest" assertions="1" time="0.001222"/>
        <testcase name="testAuthMethodCreate" file="/home/wwwroot/erikwang2013/consul-php/tests/Api/AclTest.php" line="231" class="Erikwang2013\Consul\Tests\Api\AclTest" classname="Erikwang2013.Consul.Tests.Api.AclTest" assertions="1" time="0.007663"/>
        <testcase name="testAuthMethodRead" file="/home/wwwroot/erikwang2013/consul-php/tests/Api/AclTest.php" line="240" class="Erikwang2013\Consul\Tests\Api\AclTest" classname="Erikwang2013.Consul.Tests.Api.AclTest" assertions="1" time="0.001134"/>
        <testcase name="testAuthMethodReadEncodesName" file="/home/wwwroot/erikwang2013/consul-php/tests/Api/AclTest.php" line="249" class="Erikwang2013\Consul\Tests\Api\AclTest" classname="Erikwang2013.Consul.Tests.Api.AclTest" assertions="1" time="0.007303"/>
        <testcase name="testAuthMethodUpdate" file="/home/wwwroot/erikwang2013/consul-php/tests/Api/AclTest.php" line="258" class="Erikwang2013\Consul\Tests\Api\AclTest" classname="Erikwang2013.Consul.Tests.Api.AclTest" assertions="1" time="0.001157"/>
        <testcase name="testAuthMethodDelete" file="/home/wwwroot/erikwang2013/consul-php/tests/Api/AclTest.php" line="267" class="Erikwang2013\Consul\Tests\Api\AclTest" classname="Erikwang2013.Consul.Tests.Api.AclTest" assertions="1" time="0.011150"/>
        <testcase name="testLogin" file="/home/wwwroot/erikwang2013/consul-php/tests/Api/AclTest.php" line="276" class="Erikwang2013\Consul\Tests\Api\AclTest" classname="Erikwang2013.Consul.Tests.Api.AclTest" assertions="1" time="0.001119"/>
        <testcase name="testLogout" file="/home/wwwroot/erikwang2013/consul-php/tests/Api/AclTest.php" line="285" class="Erikwang2013\Consul\Tests\Api\AclTest" classname="Erikwang2013.Consul.Tests.Api.AclTest" assertions="1" time="0.000964"/>
      </testsuite>
      <testsuite name="Erikwang2013\Consul\Tests\Api\AgentTest" file="/home/wwwroot/erikwang2013/consul-php/tests/Api/AgentTest.php" tests="28" assertions="28" errors="0" failures="0" skipped="0" time="0.316594">
        <testcase name="testMembers" file="/home/wwwroot/erikwang2013/consul-php/tests/Api/AgentTest.php" line="21" class="Erikwang2013\Consul\Tests\Api\AgentTest" classname="Erikwang2013.Consul.Tests.Api.AgentTest" assertions="1" time="0.118444"/>
        <testcase name="testMembersWithWan" file="/home/wwwroot/erikwang2013/consul-php/tests/Api/AgentTest.php" line="30" class="Erikwang2013\Consul\Tests\Api\AgentTest" classname="Erikwang2013.Consul.Tests.Api.AgentTest" assertions="1" time="0.014902"/>
        <testcase name="testMembersPropagatesTransportError" file="/home/wwwroot/erikwang2013/consul-php/tests/Api/AgentTest.php" line="39" class="Erikwang2013\Consul\Tests\Api\AgentTest" classname="Erikwang2013.Consul.Tests.Api.AgentTest" assertions="1" time="0.006491"/>
        <testcase name="testSelf" file="/home/wwwroot/erikwang2013/consul-php/tests/Api/AgentTest.php" line="47" class="Erikwang2013\Consul\Tests\Api\AgentTest" classname="Erikwang2013.Consul.Tests.Api.AgentTest" assertions="1" time="0.001413"/>
        <testcase name="testMaintenanceUsesQueryParameters" file="/home/wwwroot/erikwang2013/consul-php/tests/Api/AgentTest.php" line="56" class="Erikwang2013\Consul\Tests\Api\AgentTest" classname="Erikwang2013.Consul.Tests.Api.AgentTest" assertions="1" time="0.011178"/>
        <testcase name="testMaintenanceWithoutReason" file="/home/wwwroot/erikwang2013/consul-php/tests/Api/AgentTest.php" line="65" class="Erikwang2013\Consul\Tests\Api\AgentTest" classname="Erikwang2013.Consul.Tests.Api.AgentTest" assertions="1" time="0.001035"/>
        <testcase name="testMaintenanceDisableUsesQueryParameters" file="/home/wwwroot/erikwang2013/consul-php/tests/Api/AgentTest.php" line="74" class="Erikwang2013\Consul\Tests\Api\AgentTest" classname="Erikwang2013.Consul.Tests.Api.AgentTest" assertions="1" time="0.012794"/>
        <testcase name="testJoin" file="/home/wwwroot/erikwang2013/consul-php/tests/Api/AgentTest.php" line="83" class="Erikwang2013\Consul\Tests\Api\AgentTest" classname="Erikwang2013.Consul.Tests.Api.AgentTest" assertions="1" time="0.001181"/>
        <testcase name="testJoinWithWan" file="/home/wwwroot/erikwang2013/consul-php/tests/Api/AgentTest.php" line="92" class="Erikwang2013\Consul\Tests\Api\AgentTest" classname="Erikwang2013.Consul.Tests.Api.AgentTest" assertions="1" time="0.001051"/>
        <testcase name="testJoinEncodesAddress" file="/home/wwwroot/erikwang2013/consul-php/tests/Api/AgentTest.php" line="101" class="Erikwang2013\Consul\Tests\Api\AgentTest" classname="Erikwang2013.Consul.Tests.Api.AgentTest" assertions="1" time="0.016015"/>
        <testcase name="testForceLeave" file="/home/wwwroot/erikwang2013/consul-php/tests/Api/AgentTest.php" line="110" class="Erikwang2013\Consul\Tests\Api\AgentTest" classname="Erikwang2013.Consul.Tests.Api.AgentTest" assertions="1" time="0.000906"/>
        <testcase name="testChecks" file="/home/wwwroot/erikwang2013/consul-php/tests/Api/AgentTest.php" line="119" class="Erikwang2013\Consul\Tests\Api\AgentTest" classname="Erikwang2013.Consul.Tests.Api.AgentTest" assertions="1" time="0.022374"/>
        <testcase name="testServices" file="/home/wwwroot/erikwang2013/consul-php/tests/Api/AgentTest.php" line="128" class="Erikwang2013\Consul\Tests\Api\AgentTest" classname="Erikwang2013.Consul.Tests.Api.AgentTest" assertions="1" time="0.001166"/>
        <testcase name="testRegisterService" file="/home/wwwroot/erikwang2013/consul-php/tests/Api/AgentTest.php" line="137" class="Erikwang2013\Consul\Tests\Api\AgentTest" classname="Erikwang2013.Consul.Tests.Api.AgentTest" assertions="1" time="0.001152"/>
        <testcase name="testDeregisterService" file="/home/wwwroot/erikwang2013/consul-php/tests/Api/AgentTest.php" line="147" class="Erikwang2013\Consul\Tests\Api\AgentTest" classname="Erikwang2013.Consul.Tests.Api.AgentTest" assertions="1" time="0.001001"/>
        <testcase name="testEnableMaintenanceUsesQueryParameters" file="/home/wwwroot/erikwang2013/consul-php/tests/Api/AgentTest.php" line="156" class="Erikwang2013\Consul\Tests\Api\AgentTest" classname="Erikwang2013.Consul.Tests.Api.AgentTest" assertions="1" time="0.000976"/>
        <testcase name="testEnableMaintenanceWithoutReason" file="/home/wwwroot/erikwang2013/consul-php/tests/Api/AgentTest.php" line="165" class="Erikwang2013\Consul\Tests\Api\AgentTest" classname="Erikwang2013.Consul.Tests.Api.AgentTest" assertions="1" time="0.021034"/>
        <testcase name="testDisableMaintenanceUsesQueryParameters" file="/home/wwwroot/erikwang2013/consul-php/tests/Api/AgentTest.php" line="174" class="Erikwang2013\Consul\Tests\Api\AgentTest" classname="Erikwang2013.Consul.Tests.Api.AgentTest" assertions="1" time="0.001038"/>
        <testcase name="testCheckPassSendsNoteAsQueryParameter" file="/home/wwwroot/erikwang2013/consul-php/tests/Api/AgentTest.php" line="183" class="Erikwang2013\Consul\Tests\Api\AgentTest" classname="Erikwang2013.Consul.Tests.Api.AgentTest" assertions="1" time="0.001000"/>
        <testcase name="testCheckPassWithoutNote" file="/home/wwwroot/erikwang2013/consul-php/tests/Api/AgentTest.php" line="192" class="Erikwang2013\Consul\Tests\Api\AgentTest" classname="Erikwang2013.Consul.Tests.Api.AgentTest" assertions="1" time="0.021181"/>
        <testcase name="testCheckFailSendsNoteAsQueryParameter" file="/home/wwwroot/erikwang2013/consul-php/tests/Api/AgentTest.php" line="201" class="Erikwang2013\Consul\Tests\Api\AgentTest" classname="Erikwang2013.Consul.Tests.Api.AgentTest" assertions="1" time="0.001018"/>
        <testcase name="testCheckWarnSendsNoteAsQueryParameter" file="/home/wwwroot/erikwang2013/consul-php/tests/Api/AgentTest.php" line="210" class="Erikwang2013\Consul\Tests\Api\AgentTest" classname="Erikwang2013.Consul.Tests.Api.AgentTest" assertions="1" time="0.016949"/>
        <testcase name="testCheckPassEncodesCheckId" file="/home/wwwroot/erikwang2013/consul-php/tests/Api/AgentTest.php" line="219" class="Erikwang2013\Consul\Tests\Api\AgentTest" classname="Erikwang2013.Consul.Tests.Api.AgentTest" assertions="1" time="0.001004"/>
        <testcase name="testCheckRegister" file="/home/wwwroot/erikwang2013/consul-php/tests/Api/AgentTest.php" line="228" class="Erikwang2013\Consul\Tests\Api\AgentTest" classname="Erikwang2013.Consul.Tests.Api.AgentTest" assertions="1" time="0.007541"/>
        <testcase name="testCheckDeregister" file="/home/wwwroot/erikwang2013/consul-php/tests/Api/AgentTest.php" line="238" class="Erikwang2013\Consul\Tests\Api\AgentTest" classname="Erikwang2013.Consul.Tests.Api.AgentTest" assertions="1" time="0.001000"/>
        <testcase name="testTtlCheckPassDelegates" file="/home/wwwroot/erikwang2013/consul-php/tests/Api/AgentTest.php" line="247" class="Erikwang2013\Consul\Tests\Api\AgentTest" classname="Erikwang2013.Consul.Tests.Api.AgentTest" assertions="1" time="0.008153"/>
        <testcase name="testTtlCheckFailDelegates" file="/home/wwwroot/erikwang2013/consul-php/tests/Api/AgentTest.php" line="256" class="Erikwang2013\Consul\Tests\Api\AgentTest" classname="Erikwang2013.Consul.Tests.Api.AgentTest" assertions="1" time="0.023572"/>
        <testcase name="testTtlCheckWarnDelegates" file="/home/wwwroot/erikwang2013/consul-php/tests/Api/AgentTest.php" line="265" class="Erikwang2013\Consul\Tests\Api\AgentTest" classname="Erikwang2013.Consul.Tests.Api.AgentTest" assertions="1" time="0.001027"/>
      </testsuite>
      <testsuite name="Erikwang2013\Consul\Tests\Api\CatalogTest" file="/home/wwwroot/erikwang2013/consul-php/tests/Api/CatalogTest.php" tests="18" assertions="22" errors="0" failures="0" skipped="0" time="0.278189">
        <testcase name="testRegisterWithNodeAndService" file="/home/wwwroot/erikwang2013/consul-php/tests/Api/CatalogTest.php" line="20" class="Erikwang2013\Consul\Tests\Api\CatalogTest" classname="Erikwang2013.Consul.Tests.Api.CatalogTest" assertions="1" time="0.177314"/>
        <testcase name="testRegisterWithFullOptions" file="/home/wwwroot/erikwang2013/consul-php/tests/Api/CatalogTest.php" line="40" class="Erikwang2013\Consul\Tests\Api\CatalogTest" classname="Erikwang2013.Consul.Tests.Api.CatalogTest" assertions="1" time="0.001344"/>
        <testcase name="testRegisterServiceAddressDefaultsToNodeAddress" file="/home/wwwroot/erikwang2013/consul-php/tests/Api/CatalogTest.php" line="67" class="Erikwang2013\Consul\Tests\Api\CatalogTest" classname="Erikwang2013.Consul.Tests.Api.CatalogTest" assertions="1" time="0.008587"/>
        <testcase name="testRegisterWithCheck" file="/home/wwwroot/erikwang2013/consul-php/tests/Api/CatalogTest.php" line="88" class="Erikwang2013\Consul\Tests\Api\CatalogTest" classname="Erikwang2013.Consul.Tests.Api.CatalogTest" assertions="1" time="0.001242"/>
        <testcase name="testDeregister" file="/home/wwwroot/erikwang2013/consul-php/tests/Api/CatalogTest.php" line="106" class="Erikwang2013\Consul\Tests\Api\CatalogTest" classname="Erikwang2013.Consul.Tests.Api.CatalogTest" assertions="1" time="0.005947"/>
        <testcase name="testDeregisterWithoutServiceId" file="/home/wwwroot/erikwang2013/consul-php/tests/Api/CatalogTest.php" line="118" class="Erikwang2013\Consul\Tests\Api\CatalogTest" classname="Erikwang2013.Consul.Tests.Api.CatalogTest" assertions="1" time="0.001660"/>
        <testcase name="testDeregisterWithDatacenter" file="/home/wwwroot/erikwang2013/consul-php/tests/Api/CatalogTest.php" line="127" class="Erikwang2013\Consul\Tests\Api\CatalogTest" classname="Erikwang2013.Consul.Tests.Api.CatalogTest" assertions="1" time="0.001215"/>
        <testcase name="testServices" file="/home/wwwroot/erikwang2013/consul-php/tests/Api/CatalogTest.php" line="136" class="Erikwang2013\Consul\Tests\Api\CatalogTest" classname="Erikwang2013.Consul.Tests.Api.CatalogTest" assertions="2" time="0.009049"/>
        <testcase name="testServicesWithDc" file="/home/wwwroot/erikwang2013/consul-php/tests/Api/CatalogTest.php" line="148" class="Erikwang2013\Consul\Tests\Api\CatalogTest" classname="Erikwang2013.Consul.Tests.Api.CatalogTest" assertions="1" time="0.001398"/>
        <testcase name="testServiceNodes" file="/home/wwwroot/erikwang2013/consul-php/tests/Api/CatalogTest.php" line="159" class="Erikwang2013\Consul\Tests\Api\CatalogTest" classname="Erikwang2013.Consul.Tests.Api.CatalogTest" assertions="2" time="0.001260"/>
        <testcase name="testServiceWithOptions" file="/home/wwwroot/erikwang2013/consul-php/tests/Api/CatalogTest.php" line="173" class="Erikwang2013\Consul\Tests\Api\CatalogTest" classname="Erikwang2013.Consul.Tests.Api.CatalogTest" assertions="1" time="0.001253"/>
        <testcase name="testServiceUrlEncodesSpecialCharacters" file="/home/wwwroot/erikwang2013/consul-php/tests/Api/CatalogTest.php" line="184" class="Erikwang2013\Consul\Tests\Api\CatalogTest" classname="Erikwang2013.Consul.Tests.Api.CatalogTest" assertions="1" time="0.001217"/>
        <testcase name="testNodes" file="/home/wwwroot/erikwang2013/consul-php/tests/Api/CatalogTest.php" line="195" class="Erikwang2013\Consul\Tests\Api\CatalogTest" classname="Erikwang2013.Consul.Tests.Api.CatalogTest" assertions="1" time="0.001323"/>
        <testcase name="testNodesReturnsEmptyArray" file="/home/wwwroot/erikwang2013/consul-php/tests/Api/CatalogTest.php" line="206" class="Erikwang2013\Consul\Tests\Api\CatalogTest" classname="Erikwang2013.Consul.Tests.Api.CatalogTest" assertions="1" time="0.001184"/>
        <testcase name="testConnect" file="/home/wwwroot/erikwang2013/consul-php/tests/Api/CatalogTest.php" line="217" class="Erikwang2013\Consul\Tests\Api\CatalogTest" classname="Erikwang2013.Consul.Tests.Api.CatalogTest" assertions="2" time="0.048667"/>
        <testcase name="testNode" file="/home/wwwroot/erikwang2013/consul-php/tests/Api/CatalogTest.php" line="229" class="Erikwang2013\Consul\Tests\Api\CatalogTest" classname="Erikwang2013.Consul.Tests.Api.CatalogTest" assertions="2" time="0.006573"/>
        <testcase name="testNodeServices" file="/home/wwwroot/erikwang2013/consul-php/tests/Api/CatalogTest.php" line="241" class="Erikwang2013\Consul\Tests\Api\CatalogTest" classname="Erikwang2013.Consul.Tests.Api.CatalogTest" assertions="1" time="0.007893"/>
        <testcase name="testNodeServicesUrlEncodesSpecialCharacters" file="/home/wwwroot/erikwang2013/consul-php/tests/Api/CatalogTest.php" line="252" class="Erikwang2013\Consul\Tests\Api\CatalogTest" classname="Erikwang2013.Consul.Tests.Api.CatalogTest" assertions="1" time="0.001063"/>
      </testsuite>
      <testsuite name="Erikwang2013\Consul\Tests\Api\CoordinateTest" file="/home/wwwroot/erikwang2013/consul-php/tests/Api/CoordinateTest.php" tests="11" assertions="15" errors="0" failures="0" skipped="0" time="0.041980">
        <testcase name="testDatacenters" file="/home/wwwroot/erikwang2013/consul-php/tests/Api/CoordinateTest.php" line="20" class="Erikwang2013\Consul\Tests\Api\CoordinateTest" classname="Erikwang2013.Consul.Tests.Api.CoordinateTest" assertions="2" time="0.020190"/>
        <testcase name="testDatacentersReturnsEmptyArray" file="/home/wwwroot/erikwang2013/consul-php/tests/Api/CoordinateTest.php" line="32" class="Erikwang2013\Consul\Tests\Api\CoordinateTest" classname="Erikwang2013.Consul.Tests.Api.CoordinateTest" assertions="1" time="0.001141"/>
        <testcase name="testDatacentersReturnsCoordFields" file="/home/wwwroot/erikwang2013/consul-php/tests/Api/CoordinateTest.php" line="43" class="Erikwang2013\Consul\Tests\Api\CoordinateTest" classname="Erikwang2013.Consul.Tests.Api.CoordinateTest" assertions="2" time="0.001199"/>
        <testcase name="testNodes" file="/home/wwwroot/erikwang2013/consul-php/tests/Api/CoordinateTest.php" line="55" class="Erikwang2013\Consul\Tests\Api\CoordinateTest" classname="Erikwang2013.Consul.Tests.Api.CoordinateTest" assertions="2" time="0.003153"/>
        <testcase name="testNodesWithDc" file="/home/wwwroot/erikwang2013/consul-php/tests/Api/CoordinateTest.php" line="67" class="Erikwang2013\Consul\Tests\Api\CoordinateTest" classname="Erikwang2013.Consul.Tests.Api.CoordinateTest" assertions="1" time="0.001063"/>
        <testcase name="testNodesWithMultipleOptions" file="/home/wwwroot/erikwang2013/consul-php/tests/Api/CoordinateTest.php" line="78" class="Erikwang2013\Consul\Tests\Api\CoordinateTest" classname="Erikwang2013.Consul.Tests.Api.CoordinateTest" assertions="1" time="0.002290"/>
        <testcase name="testNodesReturnsEmptyArray" file="/home/wwwroot/erikwang2013/consul-php/tests/Api/CoordinateTest.php" line="89" class="Erikwang2013\Consul\Tests\Api\CoordinateTest" classname="Erikwang2013.Consul.Tests.Api.CoordinateTest" assertions="1" time="0.004469"/>
        <testcase name="testNode" file="/home/wwwroot/erikwang2013/consul-php/tests/Api/CoordinateTest.php" line="100" class="Erikwang2013\Consul\Tests\Api\CoordinateTest" classname="Erikwang2013.Consul.Tests.Api.CoordinateTest" assertions="1" time="0.000985"/>
        <testcase name="testNodeWithOptions" file="/home/wwwroot/erikwang2013/consul-php/tests/Api/CoordinateTest.php" line="111" class="Erikwang2013\Consul\Tests\Api\CoordinateTest" classname="Erikwang2013.Consul.Tests.Api.CoordinateTest" assertions="1" time="0.005031"/>
        <testcase name="testNodeUrlEncodesSpecialCharacters" file="/home/wwwroot/erikwang2013/consul-php/tests/Api/CoordinateTest.php" line="122" class="Erikwang2013\Consul\Tests\Api\CoordinateTest" classname="Erikwang2013.Consul.Tests.Api.CoordinateTest" assertions="1" time="0.001103"/>
        <testcase name="testNodeReturnsCoordStructure" file="/home/wwwroot/erikwang2013/consul-php/tests/Api/CoordinateTest.php" line="133" class="Erikwang2013\Consul\Tests\Api\CoordinateTest" classname="Erikwang2013.Consul.Tests.Api.CoordinateTest" assertions="2" time="0.001354"/>
      </testsuite>
      <testsuite name="Erikwang2013\Consul\Tests\Api\EventTest" file="/home/wwwroot/erikwang2013/consul-php/tests/Api/EventTest.php" tests="10" assertions="11" errors="0" failures="0" skipped="0" time="0.073783">
        <testcase name="testFire" file="/home/wwwroot/erikwang2013/consul-php/tests/Api/EventTest.php" line="20" class="Erikwang2013\Consul\Tests\Api\EventTest" classname="Erikwang2013.Consul.Tests.Api.EventTest" assertions="1" time="0.034554"/>
        <testcase name="testFireWithoutPayloadOmitsPayloadKey" file="/home/wwwroot/erikwang2013/consul-php/tests/Api/EventTest.php" line="31" class="Erikwang2013\Consul\Tests\Api\EventTest" classname="Erikwang2013.Consul.Tests.Api.EventTest" assertions="1" time="0.001100"/>
        <testcase name="testFirePayloadIsBase64Encoded" file="/home/wwwroot/erikwang2013/consul-php/tests/Api/EventTest.php" line="40" class="Erikwang2013\Consul\Tests\Api\EventTest" classname="Erikwang2013.Consul.Tests.Api.EventTest" assertions="1" time="0.001127"/>
        <testcase name="testFireWithOptions" file="/home/wwwroot/erikwang2013/consul-php/tests/Api/EventTest.php" line="50" class="Erikwang2013\Consul\Tests\Api\EventTest" classname="Erikwang2013.Consul.Tests.Api.EventTest" assertions="1" time="0.003987"/>
        <testcase name="testFireWithAllOptions" file="/home/wwwroot/erikwang2013/consul-php/tests/Api/EventTest.php" line="61" class="Erikwang2013\Consul\Tests\Api\EventTest" classname="Erikwang2013.Consul.Tests.Api.EventTest" assertions="1" time="0.013939"/>
        <testcase name="testFireUrlEncodesName" file="/home/wwwroot/erikwang2013/consul-php/tests/Api/EventTest.php" line="81" class="Erikwang2013\Consul\Tests\Api\EventTest" classname="Erikwang2013.Consul.Tests.Api.EventTest" assertions="1" time="0.006253"/>
        <testcase name="testFireIgnoresUnknownOptions" file="/home/wwwroot/erikwang2013/consul-php/tests/Api/EventTest.php" line="92" class="Erikwang2013\Consul\Tests\Api\EventTest" classname="Erikwang2013.Consul.Tests.Api.EventTest" assertions="1" time="0.007087"/>
        <testcase name="testList" file="/home/wwwroot/erikwang2013/consul-php/tests/Api/EventTest.php" line="103" class="Erikwang2013\Consul\Tests\Api\EventTest" classname="Erikwang2013.Consul.Tests.Api.EventTest" assertions="2" time="0.002851"/>
        <testcase name="testListWithNameFilter" file="/home/wwwroot/erikwang2013/consul-php/tests/Api/EventTest.php" line="115" class="Erikwang2013\Consul\Tests\Api\EventTest" classname="Erikwang2013.Consul.Tests.Api.EventTest" assertions="1" time="0.001551"/>
        <testcase name="testListReturnsEmptyArray" file="/home/wwwroot/erikwang2013/consul-php/tests/Api/EventTest.php" line="126" class="Erikwang2013\Consul\Tests\Api\EventTest" classname="Erikwang2013.Consul.Tests.Api.EventTest" assertions="1" time="0.001335"/>
      </testsuite>
      <testsuite name="Erikwang2013\Consul\Tests\Api\HealthTest" file="/home/wwwroot/erikwang2013/consul-php/tests/Api/HealthTest.php" tests="17" assertions="20" errors="0" failures="0" skipped="0" time="0.123813">
        <testcase name="testServiceWithPassingFilter" file="/home/wwwroot/erikwang2013/consul-php/tests/Api/HealthTest.php" line="20" class="Erikwang2013\Consul\Tests\Api\HealthTest" classname="Erikwang2013.Consul.Tests.Api.HealthTest" assertions="2" time="0.082000"/>
        <testcase name="testServiceWithAllOptions" file="/home/wwwroot/erikwang2013/consul-php/tests/Api/HealthTest.php" line="34" class="Erikwang2013\Consul\Tests\Api\HealthTest" classname="Erikwang2013.Consul.Tests.Api.HealthTest" assertions="1" time="0.005927"/>
        <testcase name="testServiceReturnsEmptyArray" file="/home/wwwroot/erikwang2013/consul-php/tests/Api/HealthTest.php" line="61" class="Erikwang2013\Consul\Tests\Api\HealthTest" classname="Erikwang2013.Consul.Tests.Api.HealthTest" assertions="1" time="0.001378"/>
        <testcase name="testServiceUrlEncodesName" file="/home/wwwroot/erikwang2013/consul-php/tests/Api/HealthTest.php" line="72" class="Erikwang2013\Consul\Tests\Api\HealthTest" classname="Erikwang2013.Consul.Tests.Api.HealthTest" assertions="1" time="0.010867"/>
        <testcase name="testChecks" file="/home/wwwroot/erikwang2013/consul-php/tests/Api/HealthTest.php" line="83" class="Erikwang2013\Consul\Tests\Api\HealthTest" classname="Erikwang2013.Consul.Tests.Api.HealthTest" assertions="1" time="0.001261"/>
        <testcase name="testChecksWithFilterOption" file="/home/wwwroot/erikwang2013/consul-php/tests/Api/HealthTest.php" line="94" class="Erikwang2013\Consul\Tests\Api\HealthTest" classname="Erikwang2013.Consul.Tests.Api.HealthTest" assertions="1" time="0.001320"/>
        <testcase name="testNode" file="/home/wwwroot/erikwang2013/consul-php/tests/Api/HealthTest.php" line="105" class="Erikwang2013\Consul\Tests\Api\HealthTest" classname="Erikwang2013.Consul.Tests.Api.HealthTest" assertions="1" time="0.001200"/>
        <testcase name="testNodeWithNodeMetaOptionRenamesKey" file="/home/wwwroot/erikwang2013/consul-php/tests/Api/HealthTest.php" line="116" class="Erikwang2013\Consul\Tests\Api\HealthTest" classname="Erikwang2013.Consul.Tests.Api.HealthTest" assertions="1" time="0.001377"/>
        <testcase name="testNodeUrlEncodesSpecialCharacters" file="/home/wwwroot/erikwang2013/consul-php/tests/Api/HealthTest.php" line="127" class="Erikwang2013\Consul\Tests\Api\HealthTest" classname="Erikwang2013.Consul.Tests.Api.HealthTest" assertions="1" time="0.001396"/>
        <testcase name="testState" file="/home/wwwroot/erikwang2013/consul-php/tests/Api/HealthTest.php" line="138" class="Erikwang2013\Consul\Tests\Api\HealthTest" classname="Erikwang2013.Consul.Tests.Api.HealthTest" assertions="1" time="0.001249"/>
        <testcase name="testStateWithAllOptions" file="/home/wwwroot/erikwang2013/consul-php/tests/Api/HealthTest.php" line="149" class="Erikwang2013\Consul\Tests\Api\HealthTest" classname="Erikwang2013.Consul.Tests.Api.HealthTest" assertions="1" time="0.001253"/>
        <testcase name="testStateIgnoresUnknownOptions" file="/home/wwwroot/erikwang2013/consul-php/tests/Api/HealthTest.php" line="160" class="Erikwang2013\Consul\Tests\Api\HealthTest" classname="Erikwang2013.Consul.Tests.Api.HealthTest" assertions="1" time="0.001332"/>
        <testcase name="testConnect" file="/home/wwwroot/erikwang2013/consul-php/tests/Api/HealthTest.php" line="171" class="Erikwang2013\Consul\Tests\Api\HealthTest" classname="Erikwang2013.Consul.Tests.Api.HealthTest" assertions="2" time="0.001451"/>
        <testcase name="testConnectWithOptions" file="/home/wwwroot/erikwang2013/consul-php/tests/Api/HealthTest.php" line="183" class="Erikwang2013\Consul\Tests\Api\HealthTest" classname="Erikwang2013.Consul.Tests.Api.HealthTest" assertions="1" time="0.001650"/>
        <testcase name="testIngress" file="/home/wwwroot/erikwang2013/consul-php/tests/Api/HealthTest.php" line="194" class="Erikwang2013\Consul\Tests\Api\HealthTest" classname="Erikwang2013.Consul.Tests.Api.HealthTest" assertions="2" time="0.003831"/>
        <testcase name="testIngressReturnsEmptyArray" file="/home/wwwroot/erikwang2013/consul-php/tests/Api/HealthTest.php" line="206" class="Erikwang2013\Consul\Tests\Api\HealthTest" classname="Erikwang2013.Consul.Tests.Api.HealthTest" assertions="1" time="0.001582"/>
        <testcase name="testGetTransportReturnsSameInstance" file="/home/wwwroot/erikwang2013/consul-php/tests/Api/HealthTest.php" line="217" class="Erikwang2013\Consul\Tests\Api\HealthTest" classname="Erikwang2013.Consul.Tests.Api.HealthTest" assertions="1" time="0.004738"/>
      </testsuite>
      <testsuite name="Erikwang2013\Consul\Tests\Api\KvTest" file="/home/wwwroot/erikwang2013/consul-php/tests/Api/KvTest.php" tests="21" assertions="29" errors="0" failures="0" skipped="0" time="0.094136">
        <testcase name="testGetReturnsValue" file="/home/wwwroot/erikwang2013/consul-php/tests/Api/KvTest.php" line="21" class="Erikwang2013\Consul\Tests\Api\KvTest" classname="Erikwang2013.Consul.Tests.Api.KvTest" assertions="2" time="0.054336"/>
        <testcase name="testGetReturnsNullWhenMissing" file="/home/wwwroot/erikwang2013/consul-php/tests/Api/KvTest.php" line="33" class="Erikwang2013\Consul\Tests\Api\KvTest" classname="Erikwang2013.Consul.Tests.Api.KvTest" assertions="1" time="0.002667"/>
        <testcase name="testGetWithQueryOptions" file="/home/wwwroot/erikwang2013/consul-php/tests/Api/KvTest.php" line="42" class="Erikwang2013\Consul\Tests\Api\KvTest" classname="Erikwang2013.Consul.Tests.Api.KvTest" assertions="1" time="0.003264"/>
        <testcase name="testGetWithRawOptionReturnsRawBody" file="/home/wwwroot/erikwang2013/consul-php/tests/Api/KvTest.php" line="52" class="Erikwang2013\Consul\Tests\Api\KvTest" classname="Erikwang2013.Consul.Tests.Api.KvTest" assertions="2" time="0.002562"/>
        <testcase name="testGetWithRawOptionAndQueryParams" file="/home/wwwroot/erikwang2013/consul-php/tests/Api/KvTest.php" line="63" class="Erikwang2013\Consul\Tests\Api\KvTest" classname="Erikwang2013.Consul.Tests.Api.KvTest" assertions="1" time="0.001411"/>
        <testcase name="testGetPropagatesTransportError" file="/home/wwwroot/erikwang2013/consul-php/tests/Api/KvTest.php" line="72" class="Erikwang2013\Consul\Tests\Api\KvTest" classname="Erikwang2013.Consul.Tests.Api.KvTest" assertions="1" time="0.001056"/>
        <testcase name="testAllReturnsRecursiveList" file="/home/wwwroot/erikwang2013/consul-php/tests/Api/KvTest.php" line="80" class="Erikwang2013\Consul\Tests\Api\KvTest" classname="Erikwang2013.Consul.Tests.Api.KvTest" assertions="1" time="0.001271"/>
        <testcase name="testAllWithEmptyPrefixHitsRoot" file="/home/wwwroot/erikwang2013/consul-php/tests/Api/KvTest.php" line="92" class="Erikwang2013\Consul\Tests\Api\KvTest" classname="Erikwang2013.Consul.Tests.Api.KvTest" assertions="1" time="0.001163"/>
        <testcase name="testAllMergesQueryOptions" file="/home/wwwroot/erikwang2013/consul-php/tests/Api/KvTest.php" line="101" class="Erikwang2013\Consul\Tests\Api\KvTest" classname="Erikwang2013.Consul.Tests.Api.KvTest" assertions="1" time="0.002363"/>
        <testcase name="testPutStoresRawValue" file="/home/wwwroot/erikwang2013/consul-php/tests/Api/KvTest.php" line="110" class="Erikwang2013\Consul\Tests\Api\KvTest" classname="Erikwang2013.Consul.Tests.Api.KvTest" assertions="2" time="0.002979"/>
        <testcase name="testPutWithCasOptions" file="/home/wwwroot/erikwang2013/consul-php/tests/Api/KvTest.php" line="121" class="Erikwang2013\Consul\Tests\Api\KvTest" classname="Erikwang2013.Consul.Tests.Api.KvTest" assertions="1" time="0.001223"/>
        <testcase name="testPutReturnsFalseWhenCasFails" file="/home/wwwroot/erikwang2013/consul-php/tests/Api/KvTest.php" line="130" class="Erikwang2013\Consul\Tests\Api\KvTest" classname="Erikwang2013.Consul.Tests.Api.KvTest" assertions="1" time="0.001370"/>
        <testcase name="testPutReturnsFalseWhenBodyMissing" file="/home/wwwroot/erikwang2013/consul-php/tests/Api/KvTest.php" line="139" class="Erikwang2013\Consul\Tests\Api\KvTest" classname="Erikwang2013.Consul.Tests.Api.KvTest" assertions="1" time="0.001587"/>
        <testcase name="testDelete" file="/home/wwwroot/erikwang2013/consul-php/tests/Api/KvTest.php" line="148" class="Erikwang2013\Consul\Tests\Api\KvTest" classname="Erikwang2013.Consul.Tests.Api.KvTest" assertions="2" time="0.001066"/>
        <testcase name="testDeleteWithOptions" file="/home/wwwroot/erikwang2013/consul-php/tests/Api/KvTest.php" line="157" class="Erikwang2013\Consul\Tests\Api\KvTest" classname="Erikwang2013.Consul.Tests.Api.KvTest" assertions="2" time="0.003853"/>
        <testcase name="testKeysReturnsKeyList" file="/home/wwwroot/erikwang2013/consul-php/tests/Api/KvTest.php" line="166" class="Erikwang2013\Consul\Tests\Api\KvTest" classname="Erikwang2013.Consul.Tests.Api.KvTest" assertions="1" time="0.001200"/>
        <testcase name="testKeysWithSeparator" file="/home/wwwroot/erikwang2013/consul-php/tests/Api/KvTest.php" line="175" class="Erikwang2013\Consul\Tests\Api\KvTest" classname="Erikwang2013.Consul.Tests.Api.KvTest" assertions="1" time="0.001278"/>
        <testcase name="testEncodeKeyPreservesPathSeparators" file="/home/wwwroot/erikwang2013/consul-php/tests/Api/KvTest.php" line="184" class="Erikwang2013\Consul\Tests\Api\KvTest" classname="Erikwang2013.Consul.Tests.Api.KvTest" assertions="1" time="0.000879"/>
        <testcase name="testEncodeKeyEscapesSpecialCharacters" file="/home/wwwroot/erikwang2013/consul-php/tests/Api/KvTest.php" line="189" class="Erikwang2013\Consul\Tests\Api\KvTest" classname="Erikwang2013.Consul.Tests.Api.KvTest" assertions="3" time="0.006725"/>
        <testcase name="testEncodeKeyPreservesLiteralPercentSequences" file="/home/wwwroot/erikwang2013/consul-php/tests/Api/KvTest.php" line="196" class="Erikwang2013\Consul\Tests\Api\KvTest" classname="Erikwang2013.Consul.Tests.Api.KvTest" assertions="2" time="0.000967"/>
        <testcase name="testGetTransport" file="/home/wwwroot/erikwang2013/consul-php/tests/Api/KvTest.php" line="202" class="Erikwang2013\Consul\Tests\Api\KvTest" classname="Erikwang2013.Consul.Tests.Api.KvTest" assertions="1" time="0.000914"/>
      </testsuite>
      <testsuite name="Erikwang2013\Consul\Tests\Api\OperatorTest" file="/home/wwwroot/erikwang2013/consul-php/tests/Api/OperatorTest.php" tests="14" assertions="15" errors="0" failures="0" skipped="0" time="0.066172">
        <testcase name="testRaftConfig" file="/home/wwwroot/erikwang2013/consul-php/tests/Api/OperatorTest.php" line="21" class="Erikwang2013\Consul\Tests\Api\OperatorTest" classname="Erikwang2013.Consul.Tests.Api.OperatorTest" assertions="1" time="0.030607"/>
        <testcase name="testRaftConfigPropagatesTransportError" file="/home/wwwroot/erikwang2013/consul-php/tests/Api/OperatorTest.php" line="30" class="Erikwang2013\Consul\Tests\Api\OperatorTest" classname="Erikwang2013.Consul.Tests.Api.OperatorTest" assertions="1" time="0.002084"/>
        <testcase name="testRaftPeer" file="/home/wwwroot/erikwang2013/consul-php/tests/Api/OperatorTest.php" line="38" class="Erikwang2013\Consul\Tests\Api\OperatorTest" classname="Erikwang2013.Consul.Tests.Api.OperatorTest" assertions="1" time="0.005379"/>
        <testcase name="testRaftPeerWithSpecialAddress" file="/home/wwwroot/erikwang2013/consul-php/tests/Api/OperatorTest.php" line="47" class="Erikwang2013\Consul\Tests\Api\OperatorTest" classname="Erikwang2013.Consul.Tests.Api.OperatorTest" assertions="1" time="0.003596"/>
        <testcase name="testAutopilotConfig" file="/home/wwwroot/erikwang2013/consul-php/tests/Api/OperatorTest.php" line="56" class="Erikwang2013\Consul\Tests\Api\OperatorTest" classname="Erikwang2013.Consul.Tests.Api.OperatorTest" assertions="1" time="0.001240"/>
        <testcase name="testUpdateAutopilotConfig" file="/home/wwwroot/erikwang2013/consul-php/tests/Api/OperatorTest.php" line="65" class="Erikwang2013\Consul\Tests\Api\OperatorTest" classname="Erikwang2013.Consul.Tests.Api.OperatorTest" assertions="1" time="0.001095"/>
        <testcase name="testAutopilotHealth" file="/home/wwwroot/erikwang2013/consul-php/tests/Api/OperatorTest.php" line="74" class="Erikwang2013\Consul\Tests\Api\OperatorTest" classname="Erikwang2013.Consul.Tests.Api.OperatorTest" assertions="2" time="0.001244"/>
        <testcase name="testKeyringList" file="/home/wwwroot/erikwang2013/consul-php/tests/Api/OperatorTest.php" line="86" class="Erikwang2013\Consul\Tests\Api\OperatorTest" classname="Erikwang2013.Consul.Tests.Api.OperatorTest" assertions="1" time="0.001306"/>
        <testcase name="testKeyringListWithRelayAndLocal" file="/home/wwwroot/erikwang2013/consul-php/tests/Api/OperatorTest.php" line="95" class="Erikwang2013\Consul\Tests\Api\OperatorTest" classname="Erikwang2013.Consul.Tests.Api.OperatorTest" assertions="1" time="0.004355"/>
        <testcase name="testKeyringInstall" file="/home/wwwroot/erikwang2013/consul-php/tests/Api/OperatorTest.php" line="104" class="Erikwang2013\Consul\Tests\Api\OperatorTest" classname="Erikwang2013.Consul.Tests.Api.OperatorTest" assertions="1" time="0.003140"/>
        <testcase name="testKeyringInstallWithRelay" file="/home/wwwroot/erikwang2013/consul-php/tests/Api/OperatorTest.php" line="113" class="Erikwang2013\Consul\Tests\Api\OperatorTest" classname="Erikwang2013.Consul.Tests.Api.OperatorTest" assertions="1" time="0.001491"/>
        <testcase name="testKeyringUse" file="/home/wwwroot/erikwang2013/consul-php/tests/Api/OperatorTest.php" line="122" class="Erikwang2013\Consul\Tests\Api\OperatorTest" classname="Erikwang2013.Consul.Tests.Api.OperatorTest" assertions="1" time="0.004373"/>
        <testcase name="testKeyringUseWithLocal" file="/home/wwwroot/erikwang2013/consul-php/tests/Api/OperatorTest.php" line="131" class="Erikwang2013\Consul\Tests\Api\OperatorTest" classname="Erikwang2013.Consul.Tests.Api.OperatorTest" assertions="1" time="0.001355"/>
        <testcase name="testKeyringRemove" file="/home/wwwroot/erikwang2013/consul-php/tests/Api/OperatorTest.php" line="140" class="Erikwang2013\Consul\Tests\Api\OperatorTest" classname="Erikwang2013.Consul.Tests.Api.OperatorTest" assertions="1" time="0.004907"/>
      </testsuite>
      <testsuite name="Erikwang2013\Consul\Tests\Api\SessionTest" file="/home/wwwroot/erikwang2013/consul-php/tests/Api/SessionTest.php" tests="14" assertions="14" errors="0" failures="0" skipped="0" time="0.053094">
        <testcase name="testCreate" file="/home/wwwroot/erikwang2013/consul-php/tests/Api/SessionTest.php" line="21" class="Erikwang2013\Consul\Tests\Api\SessionTest" classname="Erikwang2013.Consul.Tests.Api.SessionTest" assertions="1" time="0.018342"/>
        <testcase name="testCreateWithOptions" file="/home/wwwroot/erikwang2013/consul-php/tests/Api/SessionTest.php" line="30" class="Erikwang2013\Consul\Tests\Api\SessionTest" classname="Erikwang2013.Consul.Tests.Api.SessionTest" assertions="1" time="0.001193"/>
        <testcase name="testCreatePropagatesTransportError" file="/home/wwwroot/erikwang2013/consul-php/tests/Api/SessionTest.php" line="40" class="Erikwang2013\Consul\Tests\Api\SessionTest" classname="Erikwang2013.Consul.Tests.Api.SessionTest" assertions="1" time="0.001199"/>
        <testcase name="testDestroy" file="/home/wwwroot/erikwang2013/consul-php/tests/Api/SessionTest.php" line="48" class="Erikwang2013\Consul\Tests\Api\SessionTest" classname="Erikwang2013.Consul.Tests.Api.SessionTest" assertions="1" time="0.001086"/>
        <testcase name="testDestroyWithOptions" file="/home/wwwroot/erikwang2013/consul-php/tests/Api/SessionTest.php" line="57" class="Erikwang2013\Consul\Tests\Api\SessionTest" classname="Erikwang2013.Consul.Tests.Api.SessionTest" assertions="1" time="0.000987"/>
        <testcase name="testInfo" file="/home/wwwroot/erikwang2013/consul-php/tests/Api/SessionTest.php" line="66" class="Erikwang2013\Consul\Tests\Api\SessionTest" classname="Erikwang2013.Consul.Tests.Api.SessionTest" assertions="1" time="0.006015"/>
        <testcase name="testInfoWithOptions" file="/home/wwwroot/erikwang2013/consul-php/tests/Api/SessionTest.php" line="75" class="Erikwang2013\Consul\Tests\Api\SessionTest" classname="Erikwang2013.Consul.Tests.Api.SessionTest" assertions="1" time="0.001115"/>
        <testcase name="testInfoReturnsEmptyListForUnknownSession" file="/home/wwwroot/erikwang2013/consul-php/tests/Api/SessionTest.php" line="84" class="Erikwang2013\Consul\Tests\Api\SessionTest" classname="Erikwang2013.Consul.Tests.Api.SessionTest" assertions="1" time="0.005584"/>
        <testcase name="testNode" file="/home/wwwroot/erikwang2013/consul-php/tests/Api/SessionTest.php" line="93" class="Erikwang2013\Consul\Tests\Api\SessionTest" classname="Erikwang2013.Consul.Tests.Api.SessionTest" assertions="1" time="0.001260"/>
        <testcase name="testNodeEncodesNodeName" file="/home/wwwroot/erikwang2013/consul-php/tests/Api/SessionTest.php" line="102" class="Erikwang2013\Consul\Tests\Api\SessionTest" classname="Erikwang2013.Consul.Tests.Api.SessionTest" assertions="1" time="0.006487"/>
        <testcase name="testAll" file="/home/wwwroot/erikwang2013/consul-php/tests/Api/SessionTest.php" line="111" class="Erikwang2013\Consul\Tests\Api\SessionTest" classname="Erikwang2013.Consul.Tests.Api.SessionTest" assertions="1" time="0.001160"/>
        <testcase name="testAllWithOptions" file="/home/wwwroot/erikwang2013/consul-php/tests/Api/SessionTest.php" line="120" class="Erikwang2013\Consul\Tests\Api\SessionTest" classname="Erikwang2013.Consul.Tests.Api.SessionTest" assertions="1" time="0.004352"/>
        <testcase name="testRenew" file="/home/wwwroot/erikwang2013/consul-php/tests/Api/SessionTest.php" line="129" class="Erikwang2013\Consul\Tests\Api\SessionTest" classname="Erikwang2013.Consul.Tests.Api.SessionTest" assertions="1" time="0.001080"/>
        <testcase name="testRenewWithOptions" file="/home/wwwroot/erikwang2013/consul-php/tests/Api/SessionTest.php" line="138" class="Erikwang2013\Consul\Tests\Api\SessionTest" classname="Erikwang2013.Consul.Tests.Api.SessionTest" assertions="1" time="0.003234"/>
      </testsuite>
      <testsuite name="Erikwang2013\Consul\Tests\Api\SnapshotTest" file="/home/wwwroot/erikwang2013/consul-php/tests/Api/SnapshotTest.php" tests="11" assertions="11" errors="0" failures="0" skipped="0" time="0.061392">
        <testcase name="testSave" file="/home/wwwroot/erikwang2013/consul-php/tests/Api/SnapshotTest.php" line="20" class="Erikwang2013\Consul\Tests\Api\SnapshotTest" classname="Erikwang2013.Consul.Tests.Api.SnapshotTest" assertions="1" time="0.024865"/>
        <testcase name="testSaveWithOptions" file="/home/wwwroot/erikwang2013/consul-php/tests/Api/SnapshotTest.php" line="31" class="Erikwang2013\Consul\Tests\Api\SnapshotTest" classname="Erikwang2013.Consul.Tests.Api.SnapshotTest" assertions="1" time="0.001231"/>
        <testcase name="testSaveWithDcOnly" file="/home/wwwroot/erikwang2013/consul-php/tests/Api/SnapshotTest.php" line="42" class="Erikwang2013\Consul\Tests\Api\SnapshotTest" classname="Erikwang2013.Consul.Tests.Api.SnapshotTest" assertions="1" time="0.001112"/>
        <testcase name="testSaveWithStaleFalseOmitsStale" file="/home/wwwroot/erikwang2013/consul-php/tests/Api/SnapshotTest.php" line="53" class="Erikwang2013\Consul\Tests\Api\SnapshotTest" classname="Erikwang2013.Consul.Tests.Api.SnapshotTest" assertions="1" time="0.006650"/>
        <testcase name="testSaveReturnsEmptyString" file="/home/wwwroot/erikwang2013/consul-php/tests/Api/SnapshotTest.php" line="64" class="Erikwang2013\Consul\Tests\Api\SnapshotTest" classname="Erikwang2013.Consul.Tests.Api.SnapshotTest" assertions="1" time="0.006296"/>
        <testcase name="testSaveWithBinaryData" file="/home/wwwroot/erikwang2013/consul-php/tests/Api/SnapshotTest.php" line="75" class="Erikwang2013\Consul\Tests\Api\SnapshotTest" classname="Erikwang2013.Consul.Tests.Api.SnapshotTest" assertions="1" time="0.001140"/>
        <testcase name="testRestore" file="/home/wwwroot/erikwang2013/consul-php/tests/Api/SnapshotTest.php" line="87" class="Erikwang2013\Consul\Tests\Api\SnapshotTest" classname="Erikwang2013.Consul.Tests.Api.SnapshotTest" assertions="1" time="0.000995"/>
        <testcase name="testRestoreWithDc" file="/home/wwwroot/erikwang2013/consul-php/tests/Api/SnapshotTest.php" line="96" class="Erikwang2013\Consul\Tests\Api\SnapshotTest" classname="Erikwang2013.Consul.Tests.Api.SnapshotTest" assertions="1" time="0.001798"/>
        <testcase name="testRestoreWithBinaryData" file="/home/wwwroot/erikwang2013/consul-php/tests/Api/SnapshotTest.php" line="105" class="Erikwang2013\Consul\Tests\Api\SnapshotTest" classname="Erikwang2013.Consul.Tests.Api.SnapshotTest" assertions="1" time="0.000906"/>
        <testcase name="testRestoreEmptySnapshot" file="/home/wwwroot/erikwang2013/consul-php/tests/Api/SnapshotTest.php" line="115" class="Erikwang2013\Consul\Tests\Api\SnapshotTest" classname="Erikwang2013.Consul.Tests.Api.SnapshotTest" assertions="1" time="0.007315"/>
        <testcase name="testRestoreIgnoresUnknownOptions" file="/home/wwwroot/erikwang2013/consul-php/tests/Api/SnapshotTest.php" line="124" class="Erikwang2013\Consul\Tests\Api\SnapshotTest" classname="Erikwang2013.Consul.Tests.Api.SnapshotTest" assertions="1" time="0.009085"/>
      </testsuite>
      <testsuite name="Erikwang2013\Consul\Tests\Api\StatusTest" file="/home/wwwroot/erikwang2013/consul-php/tests/Api/StatusTest.php" tests="8" assertions="10" errors="0" failures="0" skipped="0" time="0.084168">
        <testcase name="testLeader" file="/home/wwwroot/erikwang2013/consul-php/tests/Api/StatusTest.php" line="20" class="Erikwang2013\Consul\Tests\Api\StatusTest" classname="Erikwang2013.Consul.Tests.Api.StatusTest" assertions="1" time="0.020702"/>
        <testcase name="testLeaderEmptyBody" file="/home/wwwroot/erikwang2013/consul-php/tests/Api/StatusTest.php" line="31" class="Erikwang2013\Consul\Tests\Api\StatusTest" classname="Erikwang2013.Consul.Tests.Api.StatusTest" assertions="1" time="0.001437"/>
        <testcase name="testLeaderWithNullBody" file="/home/wwwroot/erikwang2013/consul-php/tests/Api/StatusTest.php" line="42" class="Erikwang2013\Consul\Tests\Api\StatusTest" classname="Erikwang2013.Consul.Tests.Api.StatusTest" assertions="1" time="0.016918"/>
        <testcase name="testLeaderCastsNonStringBody" file="/home/wwwroot/erikwang2013/consul-php/tests/Api/StatusTest.php" line="53" class="Erikwang2013\Consul\Tests\Api\StatusTest" classname="Erikwang2013.Consul.Tests.Api.StatusTest" assertions="1" time="0.007251"/>
        <testcase name="testPeers" file="/home/wwwroot/erikwang2013/consul-php/tests/Api/StatusTest.php" line="64" class="Erikwang2013\Consul\Tests\Api\StatusTest" classname="Erikwang2013.Consul.Tests.Api.StatusTest" assertions="2" time="0.005825"/>
        <testcase name="testPeersReturnsEmptyArray" file="/home/wwwroot/erikwang2013/consul-php/tests/Api/StatusTest.php" line="76" class="Erikwang2013\Consul\Tests\Api\StatusTest" classname="Erikwang2013.Consul.Tests.Api.StatusTest" assertions="1" time="0.004308"/>
        <testcase name="testPeersSinglePeer" file="/home/wwwroot/erikwang2013/consul-php/tests/Api/StatusTest.php" line="87" class="Erikwang2013\Consul\Tests\Api\StatusTest" classname="Erikwang2013.Consul.Tests.Api.StatusTest" assertions="2" time="0.019414"/>
        <testcase name="testPeersPreservesNonSequentialKeys" file="/home/wwwroot/erikwang2013/consul-php/tests/Api/StatusTest.php" line="99" class="Erikwang2013\Consul\Tests\Api\StatusTest" classname="Erikwang2013.Consul.Tests.Api.StatusTest" assertions="1" time="0.008312"/>
      </testsuite>
      <testsuite name="Erikwang2013\Consul\Tests\Client\ConsulAsyncClientTest" file="/home/wwwroot/erikwang2013/consul-php/tests/Client/ConsulAsyncClientTest.php" tests="10" assertions="14" errors="0" failures="0" skipped="0" time="1.072967">
        <testcase name="testConstructor" file="/home/wwwroot/erikwang2013/consul-php/tests/Client/ConsulAsyncClientTest.php" line="33" class="Erikwang2013\Consul\Tests\Client\ConsulAsyncClientTest" classname="Erikwang2013.Consul.Tests.Client.ConsulAsyncClientTest" assertions="1" time="0.645822"/>
        <testcase name="testWrapReturnsPromise" file="/home/wwwroot/erikwang2013/consul-php/tests/Client/ConsulAsyncClientTest.php" line="38" class="Erikwang2013\Consul\Tests\Client\ConsulAsyncClientTest" classname="Erikwang2013.Consul.Tests.Client.ConsulAsyncClientTest" assertions="2" time="0.018602"/>
        <testcase name="testPromiseThen" file="/home/wwwroot/erikwang2013/consul-php/tests/Client/ConsulAsyncClientTest.php" line="48" class="Erikwang2013\Consul\Tests\Client\ConsulAsyncClientTest" classname="Erikwang2013.Consul.Tests.Client.ConsulAsyncClientTest" assertions="1" time="0.002087"/>
        <testcase name="testPromiseCatch" file="/home/wwwroot/erikwang2013/consul-php/tests/Client/ConsulAsyncClientTest.php" line="63" class="Erikwang2013\Consul\Tests\Client\ConsulAsyncClientTest" classname="Erikwang2013.Consul.Tests.Client.ConsulAsyncClientTest" assertions="1" time="0.001446"/>
        <testcase name="testServiceRegistry" file="/home/wwwroot/erikwang2013/consul-php/tests/Client/ConsulAsyncClientTest.php" line="82" class="Erikwang2013\Consul\Tests\Client\ConsulAsyncClientTest" classname="Erikwang2013.Consul.Tests.Client.ConsulAsyncClientTest" assertions="1" time="0.064892"/>
        <testcase name="testServiceDiscovery" file="/home/wwwroot/erikwang2013/consul-php/tests/Client/ConsulAsyncClientTest.php" line="87" class="Erikwang2013\Consul\Tests\Client\ConsulAsyncClientTest" classname="Erikwang2013.Consul.Tests.Client.ConsulAsyncClientTest" assertions="1" time="0.150660"/>
        <testcase name="testConfigCenter" file="/home/wwwroot/erikwang2013/consul-php/tests/Client/ConsulAsyncClientTest.php" line="92" class="Erikwang2013\Consul\Tests\Client\ConsulAsyncClientTest" classname="Erikwang2013.Consul.Tests.Client.ConsulAsyncClientTest" assertions="1" time="0.154987"/>
        <testcase name="testMagicGetDelegatesToSyncClient" file="/home/wwwroot/erikwang2013/consul-php/tests/Client/ConsulAsyncClientTest.php" line="97" class="Erikwang2013\Consul\Tests\Client\ConsulAsyncClientTest" classname="Erikwang2013.Consul.Tests.Client.ConsulAsyncClientTest" assertions="2" time="0.016603"/>
        <testcase name="testUnknownPropertyThrowsConsulException" file="/home/wwwroot/erikwang2013/consul-php/tests/Client/ConsulAsyncClientTest.php" line="103" class="Erikwang2013\Consul\Tests\Client\ConsulAsyncClientTest" classname="Erikwang2013.Consul.Tests.Client.ConsulAsyncClientTest" assertions="1" time="0.001336"/>
        <testcase name="testWrapRunsExecutorLazilyOnWait" file="/home/wwwroot/erikwang2013/consul-php/tests/Client/ConsulAsyncClientTest.php" line="109" class="Erikwang2013\Consul\Tests\Client\ConsulAsyncClientTest" classname="Erikwang2013.Consul.Tests.Client.ConsulAsyncClientTest" assertions="3" time="0.016532"/>
      </testsuite>
      <testsuite name="Erikwang2013\Consul\Tests\Client\ConsulClientTest" file="/home/wwwroot/erikwang2013/consul-php/tests/Client/ConsulClientTest.php" tests="9" assertions="28" errors="0" failures="0" skipped="0" time="0.063104">
        <testcase name="testConstructorWithManualDependencies" file="/home/wwwroot/erikwang2013/consul-php/tests/Client/ConsulClientTest.php" line="47" class="Erikwang2013\Consul\Tests\Client\ConsulClientTest" classname="Erikwang2013.Consul.Tests.Client.ConsulClientTest" assertions="1" time="0.009271"/>
        <testcase name="testPropertyAccessReturnsApiModules" file="/home/wwwroot/erikwang2013/consul-php/tests/Client/ConsulClientTest.php" line="52" class="Erikwang2013\Consul\Tests\Client\ConsulClientTest" classname="Erikwang2013.Consul.Tests.Client.ConsulClientTest" assertions="5" time="0.001925"/>
        <testcase name="testAllElevenApiModulesAreDispatchable" file="/home/wwwroot/erikwang2013/consul-php/tests/Client/ConsulClientTest.php" line="61" class="Erikwang2013\Consul\Tests\Client\ConsulClientTest" classname="Erikwang2013.Consul.Tests.Client.ConsulClientTest" assertions="11" time="0.011361"/>
        <testcase name="testApiModuleIsLazilyCreatedAndCached" file="/home/wwwroot/erikwang2013/consul-php/tests/Client/ConsulClientTest.php" line="76" class="Erikwang2013\Consul\Tests\Client\ConsulClientTest" classname="Erikwang2013.Consul.Tests.Client.ConsulClientTest" assertions="2" time="0.005298"/>
        <testcase name="testServiceRegistryIsCached" file="/home/wwwroot/erikwang2013/consul-php/tests/Client/ConsulClientTest.php" line="82" class="Erikwang2013\Consul\Tests\Client\ConsulClientTest" classname="Erikwang2013.Consul.Tests.Client.ConsulClientTest" assertions="2" time="0.001396"/>
        <testcase name="testServiceDiscovery" file="/home/wwwroot/erikwang2013/consul-php/tests/Client/ConsulClientTest.php" line="88" class="Erikwang2013\Consul\Tests\Client\ConsulClientTest" classname="Erikwang2013.Consul.Tests.Client.ConsulClientTest" assertions="2" time="0.006774"/>
        <testcase name="testConfigCenter" file="/home/wwwroot/erikwang2013/consul-php/tests/Client/ConsulClientTest.php" line="94" class="Erikwang2013\Consul\Tests\Client\ConsulClientTest" classname="Erikwang2013.Consul.Tests.Client.ConsulClientTest" assertions="2" time="0.010801"/>
        <testcase name="testUnknownPropertyThrowsConsulException" file="/home/wwwroot/erikwang2013/consul-php/tests/Client/ConsulClientTest.php" line="100" class="Erikwang2013\Consul\Tests\Client\ConsulClientTest" classname="Erikwang2013.Consul.Tests.Client.ConsulClientTest" assertions="2" time="0.001945"/>
        <testcase name="testUnknownPropertyOnEachAccessThrows" file="/home/wwwroot/erikwang2013/consul-php/tests/Client/ConsulClientTest.php" line="107" class="Erikwang2013\Consul\Tests\Client\ConsulClientTest" classname="Erikwang2013.Consul.Tests.Client.ConsulClientTest" assertions="1" time="0.014333"/>
      </testsuite>
      <testsuite name="Erikwang2013\Consul\Tests\Client\PromiseTest" file="/home/wwwroot/erikwang2013/consul-php/tests/Client/PromiseTest.php" tests="10" assertions="16" errors="0" failures="0" skipped="0" time="0.044068">
        <testcase name="testWaitThrowsExecutorException" file="/home/wwwroot/erikwang2013/consul-php/tests/Client/PromiseTest.php" line="20" class="Erikwang2013\Consul\Tests\Client\PromiseTest" classname="Erikwang2013.Consul.Tests.Client.PromiseTest" assertions="2" time="0.009274"/>
        <testcase name="testSecondWaitStillThrowsAfterRejection" file="/home/wwwroot/erikwang2013/consul-php/tests/Client/PromiseTest.php" line="28" class="Erikwang2013\Consul\Tests\Client\PromiseTest" classname="Erikwang2013.Consul.Tests.Client.PromiseTest" assertions="2" time="0.004421"/>
        <testcase name="testThenAfterRejectionThrows" file="/home/wwwroot/erikwang2013/consul-php/tests/Client/PromiseTest.php" line="42" class="Erikwang2013\Consul\Tests\Client\PromiseTest" classname="Erikwang2013.Consul.Tests.Client.PromiseTest" assertions="2" time="0.013157"/>
        <testcase name="testCatchOnFulfilledReturnsSelfWithoutQueuing" file="/home/wwwroot/erikwang2013/consul-php/tests/Client/PromiseTest.php" line="57" class="Erikwang2013\Consul\Tests\Client\PromiseTest" classname="Erikwang2013.Consul.Tests.Client.PromiseTest" assertions="2" time="0.001037"/>
        <testcase name="testExecutorRunsOnlyOnceAcrossMultipleWaits" file="/home/wwwroot/erikwang2013/consul-php/tests/Client/PromiseTest.php" line="73" class="Erikwang2013\Consul\Tests\Client\PromiseTest" classname="Erikwang2013.Consul.Tests.Client.PromiseTest" assertions="3" time="0.004559"/>
        <testcase name="testThenRegisteredAfterResolutionRunsImmediately" file="/home/wwwroot/erikwang2013/consul-php/tests/Client/PromiseTest.php" line="86" class="Erikwang2013\Consul\Tests\Client\PromiseTest" classname="Erikwang2013.Consul.Tests.Client.PromiseTest" assertions="1" time="0.000843"/>
        <testcase name="testCatchRegisteredAfterRejectionRunsImmediately" file="/home/wwwroot/erikwang2013/consul-php/tests/Client/PromiseTest.php" line="101" class="Erikwang2013\Consul\Tests\Client\PromiseTest" classname="Erikwang2013.Consul.Tests.Client.PromiseTest" assertions="1" time="0.000903"/>
        <testcase name="testMultipleThenCallbacksRunInOrderOnWait" file="/home/wwwroot/erikwang2013/consul-php/tests/Client/PromiseTest.php" line="117" class="Erikwang2013\Consul\Tests\Client\PromiseTest" classname="Erikwang2013.Consul.Tests.Client.PromiseTest" assertions="1" time="0.008177"/>
        <testcase name="testThenReturnsSelfForChaining" file="/home/wwwroot/erikwang2013/consul-php/tests/Client/PromiseTest.php" line="135" class="Erikwang2013\Consul\Tests\Client\PromiseTest" classname="Erikwang2013.Consul.Tests.Client.PromiseTest" assertions="1" time="0.000780"/>
        <testcase name="testWaitReturnsNullValueOnFulfilledPromise" file="/home/wwwroot/erikwang2013/consul-php/tests/Client/PromiseTest.php" line="145" class="Erikwang2013\Consul\Tests\Client\PromiseTest" classname="Erikwang2013.Consul.Tests.Client.PromiseTest" assertions="1" time="0.000917"/>
      </testsuite>
      <testsuite name="Erikwang2013\Consul\Tests\Config\ConfigCenterTest" file="/home/wwwroot/erikwang2013/consul-php/tests/Config/ConfigCenterTest.php" tests="16" assertions="33" errors="0" failures="0" skipped="0" time="0.283098">
        <testcase name="testGetReturnsDecodedValue" file="/home/wwwroot/erikwang2013/consul-php/tests/Config/ConfigCenterTest.php" line="22" class="Erikwang2013\Consul\Tests\Config\ConfigCenterTest" classname="Erikwang2013.Consul.Tests.Config.ConfigCenterTest" assertions="1" time="0.015012"/>
        <testcase name="testGetReturnsDefaultWhenMissing" file="/home/wwwroot/erikwang2013/consul-php/tests/Config/ConfigCenterTest.php" line="33" class="Erikwang2013\Consul\Tests\Config\ConfigCenterTest" classname="Erikwang2013.Consul.Tests.Config.ConfigCenterTest" assertions="1" time="0.001421"/>
        <testcase name="testNamespaceReturnsKeyValueMap" file="/home/wwwroot/erikwang2013/consul-php/tests/Config/ConfigCenterTest.php" line="44" class="Erikwang2013\Consul\Tests\Config\ConfigCenterTest" classname="Erikwang2013.Consul.Tests.Config.ConfigCenterTest" assertions="2" time="0.008075"/>
        <testcase name="testSet" file="/home/wwwroot/erikwang2013/consul-php/tests/Config/ConfigCenterTest.php" line="59" class="Erikwang2013\Consul\Tests\Config\ConfigCenterTest" classname="Erikwang2013.Consul.Tests.Config.ConfigCenterTest" assertions="1" time="0.001376"/>
        <testcase name="testWatchReturnsWatcher" file="/home/wwwroot/erikwang2013/consul-php/tests/Config/ConfigCenterTest.php" line="70" class="Erikwang2013\Consul\Tests\Config\ConfigCenterTest" classname="Erikwang2013.Consul.Tests.Config.ConfigCenterTest" assertions="1" time="0.174853"/>
        <testcase name="testSetInvalidatesCachedValue" file="/home/wwwroot/erikwang2013/consul-php/tests/Config/ConfigCenterTest.php" line="77" class="Erikwang2013\Consul\Tests\Config\ConfigCenterTest" classname="Erikwang2013.Consul.Tests.Config.ConfigCenterTest" assertions="4" time="0.013222"/>
        <testcase name="testDeleteInvalidatesCachedValue" file="/home/wwwroot/erikwang2013/consul-php/tests/Config/ConfigCenterTest.php" line="94" class="Erikwang2013\Consul\Tests\Config\ConfigCenterTest" classname="Erikwang2013.Consul.Tests.Config.ConfigCenterTest" assertions="4" time="0.001468"/>
        <testcase name="testGetHitsCacheWithoutCallingKv" file="/home/wwwroot/erikwang2013/consul-php/tests/Config/ConfigCenterTest.php" line="111" class="Erikwang2013\Consul\Tests\Config\ConfigCenterTest" classname="Erikwang2013.Consul.Tests.Config.ConfigCenterTest" assertions="3" time="0.010450"/>
        <testcase name="testGetReturnsDefaultWhenValueIsNotBase64" file="/home/wwwroot/erikwang2013/consul-php/tests/Config/ConfigCenterTest.php" line="125" class="Erikwang2013\Consul\Tests\Config\ConfigCenterTest" classname="Erikwang2013.Consul.Tests.Config.ConfigCenterTest" assertions="1" time="0.003357"/>
        <testcase name="testGetReturnsEmptyStringWhenKvEntryHasNoValue" file="/home/wwwroot/erikwang2013/consul-php/tests/Config/ConfigCenterTest.php" line="134" class="Erikwang2013\Consul\Tests\Config\ConfigCenterTest" classname="Erikwang2013.Consul.Tests.Config.ConfigCenterTest" assertions="1" time="0.010005"/>
        <testcase name="testNamespaceUsesCache" file="/home/wwwroot/erikwang2013/consul-php/tests/Config/ConfigCenterTest.php" line="145" class="Erikwang2013\Consul\Tests\Config\ConfigCenterTest" classname="Erikwang2013.Consul.Tests.Config.ConfigCenterTest" assertions="3" time="0.003959"/>
        <testcase name="testNamespaceKeepsRawValueWhenNotBase64" file="/home/wwwroot/erikwang2013/consul-php/tests/Config/ConfigCenterTest.php" line="159" class="Erikwang2013\Consul\Tests\Config\ConfigCenterTest" classname="Erikwang2013.Consul.Tests.Config.ConfigCenterTest" assertions="1" time="0.004130"/>
        <testcase name="testSetFailureDoesNotInvalidateCache" file="/home/wwwroot/erikwang2013/consul-php/tests/Config/ConfigCenterTest.php" line="170" class="Erikwang2013\Consul\Tests\Config\ConfigCenterTest" classname="Erikwang2013.Consul.Tests.Config.ConfigCenterTest" assertions="3" time="0.011238"/>
        <testcase name="testDeleteFailureDoesNotInvalidateCache" file="/home/wwwroot/erikwang2013/consul-php/tests/Config/ConfigCenterTest.php" line="183" class="Erikwang2013\Consul\Tests\Config\ConfigCenterTest" classname="Erikwang2013.Consul.Tests.Config.ConfigCenterTest" assertions="3" time="0.006093"/>
        <testcase name="testDeleteInvalidatesAllNamespacePrefixLevels" file="/home/wwwroot/erikwang2013/consul-php/tests/Config/ConfigCenterTest.php" line="196" class="Erikwang2013\Consul\Tests\Config\ConfigCenterTest" classname="Erikwang2013.Consul.Tests.Config.ConfigCenterTest" assertions="3" time="0.010029"/>
        <testcase name="testWatchPassesDispatcherToWatcher" file="/home/wwwroot/erikwang2013/consul-php/tests/Config/ConfigCenterTest.php" line="215" class="Erikwang2013\Consul\Tests\Config\ConfigCenterTest" classname="Erikwang2013.Consul.Tests.Config.ConfigCenterTest" assertions="1" time="0.008410"/>
      </testsuite>
      <testsuite name="Erikwang2013\Consul\Tests\Config\WatcherTest" file="/home/wwwroot/erikwang2013/consul-php/tests/Config/WatcherTest.php" tests="10" assertions="21" errors="0" failures="0" skipped="0" time="0.133685">
        <testcase name="testOnChangeRegistersCallback" file="/home/wwwroot/erikwang2013/consul-php/tests/Config/WatcherTest.php" line="15" class="Erikwang2013\Consul\Tests\Config\WatcherTest" classname="Erikwang2013.Consul.Tests.Config.WatcherTest" assertions="1" time="0.008565"/>
        <testcase name="testSetBlockingWaitIsFluent" file="/home/wwwroot/erikwang2013/consul-php/tests/Config/WatcherTest.php" line="25" class="Erikwang2013\Consul\Tests\Config\WatcherTest" classname="Erikwang2013.Consul.Tests.Config.WatcherTest" assertions="1" time="0.001104"/>
        <testcase name="testSetPollIntervalIsFluent" file="/home/wwwroot/erikwang2013/consul-php/tests/Config/WatcherTest.php" line="35" class="Erikwang2013\Consul\Tests\Config\WatcherTest" classname="Erikwang2013.Consul.Tests.Config.WatcherTest" assertions="1" time="0.009507"/>
        <testcase name="testBlockingQueryNotifiesOnChangeAndReusesIndex" file="/home/wwwroot/erikwang2013/consul-php/tests/Config/WatcherTest.php" line="45" class="Erikwang2013\Consul\Tests\Config\WatcherTest" classname="Erikwang2013.Consul.Tests.Config.WatcherTest" assertions="6" time="0.011600"/>
        <testcase name="testBlockingFailureFallsBackToPollingThenResumesBlocking" file="/home/wwwroot/erikwang2013/consul-php/tests/Config/WatcherTest.php" line="82" class="Erikwang2013\Consul\Tests\Config\WatcherTest" classname="Erikwang2013.Consul.Tests.Config.WatcherTest" assertions="4" time="0.009936"/>
        <testcase name="testSetBlockingWaitControlsWaitParameter" file="/home/wwwroot/erikwang2013/consul-php/tests/Config/WatcherTest.php" line="118" class="Erikwang2013\Consul\Tests\Config\WatcherTest" classname="Erikwang2013.Consul.Tests.Config.WatcherTest" assertions="1" time="0.010122"/>
        <testcase name="testPollingFailureIsLoggedAndLoopContinues" file="/home/wwwroot/erikwang2013/consul-php/tests/Config/WatcherTest.php" line="142" class="Erikwang2013\Consul\Tests\Config\WatcherTest" classname="Erikwang2013.Consul.Tests.Config.WatcherTest" assertions="3" time="0.035849"/>
        <testcase name="testCallbackExceptionIsLoggedAndDoesNotStopDispatch" file="/home/wwwroot/erikwang2013/consul-php/tests/Config/WatcherTest.php" line="188" class="Erikwang2013\Consul\Tests\Config\WatcherTest" classname="Erikwang2013.Consul.Tests.Config.WatcherTest" assertions="2" time="0.033559"/>
        <testcase name="testDispatcherReceivesConfigChangedEvent" file="/home/wwwroot/erikwang2013/consul-php/tests/Config/WatcherTest.php" line="228" class="Erikwang2013\Consul\Tests\Config\WatcherTest" classname="Erikwang2013.Consul.Tests.Config.WatcherTest" assertions="1" time="0.010869"/>
        <testcase name="testBlockingFailureCountIsResetAfterRecovery" file="/home/wwwroot/erikwang2013/consul-php/tests/Config/WatcherTest.php" line="257" class="Erikwang2013\Consul\Tests\Config\WatcherTest" classname="Erikwang2013.Consul.Tests.Config.WatcherTest" assertions="1" time="0.002573"/>
      </testsuite>
      <testsuite name="Erikwang2013\Consul\Tests\Exception\ExceptionTest" file="/home/wwwroot/erikwang2013/consul-php/tests/Exception/ExceptionTest.php" tests="6" assertions="14" errors="0" failures="0" skipped="0" time="0.078260">
        <testcase name="testExceptionHierarchy" file="/home/wwwroot/erikwang2013/consul-php/tests/Exception/ExceptionTest.php" line="16" class="Erikwang2013\Consul\Tests\Exception\ExceptionTest" classname="Erikwang2013.Consul.Tests.Exception.ExceptionTest" assertions="7" time="0.046194"/>
        <testcase name="testConsulExceptionIsRuntimeException" file="/home/wwwroot/erikwang2013/consul-php/tests/Exception/ExceptionTest.php" line="27" class="Erikwang2013\Consul\Tests\Exception\ExceptionTest" classname="Erikwang2013.Consul.Tests.Exception.ExceptionTest" assertions="1" time="0.009480"/>
        <testcase name="testServerExceptionIsNotRequestException" file="/home/wwwroot/erikwang2013/consul-php/tests/Exception/ExceptionTest.php" line="32" class="Erikwang2013\Consul\Tests\Exception\ExceptionTest" classname="Erikwang2013.Consul.Tests.Exception.ExceptionTest" assertions="1" time="0.009277"/>
        <testcase name="testMessageAndCodeArePreserved" file="/home/wwwroot/erikwang2013/consul-php/tests/Exception/ExceptionTest.php" line="37" class="Erikwang2013\Consul\Tests\Exception\ExceptionTest" classname="Erikwang2013.Consul.Tests.Exception.ExceptionTest" assertions="2" time="0.000913"/>
        <testcase name="testPreviousExceptionIsPreserved" file="/home/wwwroot/erikwang2013/consul-php/tests/Exception/ExceptionTest.php" line="45" class="Erikwang2013\Consul\Tests\Exception\ExceptionTest" classname="Erikwang2013.Consul.Tests.Exception.ExceptionTest" assertions="1" time="0.000609"/>
        <testcase name="testSpecificExceptionsCarryStatusCode" file="/home/wwwroot/erikwang2013/consul-php/tests/Exception/ExceptionTest.php" line="53" class="Erikwang2013\Consul\Tests\Exception\ExceptionTest" classname="Erikwang2013.Consul.Tests.Exception.ExceptionTest" assertions="2" time="0.011786"/>
      </testsuite>
      <testsuite name="Erikwang2013\Consul\Tests\Integration\EndToEndTest" file="/home/wwwroot/erikwang2013/consul-php/tests/Integration/EndToEndTest.php" tests="2" assertions="6" errors="0" failures="0" skipped="0" time="0.055719">
        <testcase name="testFullWorkflow" file="/home/wwwroot/erikwang2013/consul-php/tests/Integration/EndToEndTest.php" line="15" class="Erikwang2013\Consul\Tests\Integration\EndToEndTest" classname="Erikwang2013.Consul.Tests.Integration.EndToEndTest" assertions="5" time="0.046232"/>
        <testcase name="testConfigWorkflow" file="/home/wwwroot/erikwang2013/consul-php/tests/Integration/EndToEndTest.php" line="57" class="Erikwang2013\Consul\Tests\Integration\EndToEndTest" classname="Erikwang2013.Consul.Tests.Integration.EndToEndTest" assertions="1" time="0.009487"/>
      </testsuite>
      <testsuite name="Erikwang2013\Consul\Tests\Service\DiscoveryTest" file="/home/wwwroot/erikwang2013/consul-php/tests/Service/DiscoveryTest.php" tests="10" assertions="22" errors="0" failures="0" skipped="0" time="1.045026">
        <testcase name="testHealthyInstances" file="/home/wwwroot/erikwang2013/consul-php/tests/Service/DiscoveryTest.php" line="24" class="Erikwang2013\Consul\Tests\Service\DiscoveryTest" classname="Erikwang2013.Consul.Tests.Service.DiscoveryTest" assertions="4" time="0.007229"/>
        <testcase name="testHealthyInstancesUsesNodeAddressWhenServiceAddressIsEmpty" file="/home/wwwroot/erikwang2013/consul-php/tests/Service/DiscoveryTest.php" line="43" class="Erikwang2013\Consul\Tests\Service\DiscoveryTest" classname="Erikwang2013.Consul.Tests.Service.DiscoveryTest" assertions="1" time="0.005550"/>
        <testcase name="testSelectInstance" file="/home/wwwroot/erikwang2013/consul-php/tests/Service/DiscoveryTest.php" line="59" class="Erikwang2013\Consul\Tests\Service\DiscoveryTest" classname="Erikwang2013.Consul.Tests.Service.DiscoveryTest" assertions="2" time="0.001500"/>
        <testcase name="testSelectInstanceReturnsNullWhenNoService" file="/home/wwwroot/erikwang2013/consul-php/tests/Service/DiscoveryTest.php" line="76" class="Erikwang2013\Consul\Tests\Service\DiscoveryTest" classname="Erikwang2013.Consul.Tests.Service.DiscoveryTest" assertions="1" time="0.003419"/>
        <testcase name="testCacheKeyDistinguishesDatacenter" file="/home/wwwroot/erikwang2013/consul-php/tests/Service/DiscoveryTest.php" line="87" class="Erikwang2013\Consul\Tests\Service\DiscoveryTest" classname="Erikwang2013.Consul.Tests.Service.DiscoveryTest" assertions="2" time="0.001772"/>
        <testcase name="testWithoutOptionsUsesPlainCacheKeyAndHits" file="/home/wwwroot/erikwang2013/consul-php/tests/Service/DiscoveryTest.php" line="108" class="Erikwang2013\Consul\Tests\Service\DiscoveryTest" classname="Erikwang2013.Consul.Tests.Service.DiscoveryTest" assertions="2" time="0.001333"/>
        <testcase name="testHealthyInstancesWithIndexOptionSkipsCache" file="/home/wwwroot/erikwang2013/consul-php/tests/Service/DiscoveryTest.php" line="131" class="Erikwang2013\Consul\Tests\Service\DiscoveryTest" classname="Erikwang2013.Consul.Tests.Service.DiscoveryTest" assertions="2" time="0.010503"/>
        <testcase name="testSelectInstanceUsesProvidedLoadBalancer" file="/home/wwwroot/erikwang2013/consul-php/tests/Service/DiscoveryTest.php" line="154" class="Erikwang2013\Consul\Tests\Service\DiscoveryTest" classname="Erikwang2013.Consul.Tests.Service.DiscoveryTest" assertions="2" time="0.001812"/>
        <testcase name="testWatchLoopsWithIndexProgressionUntilStopped" file="/home/wwwroot/erikwang2013/consul-php/tests/Service/DiscoveryTest.php" line="178" class="Erikwang2013\Consul\Tests\Service\DiscoveryTest" classname="Erikwang2013.Consul.Tests.Service.DiscoveryTest" assertions="5" time="0.009299"/>
        <testcase name="testWatchErrorIsLoggedAndLoopContinues" file="/home/wwwroot/erikwang2013/consul-php/tests/Service/DiscoveryTest.php" line="214" class="Erikwang2013\Consul\Tests\Service\DiscoveryTest" classname="Erikwang2013.Consul.Tests.Service.DiscoveryTest" assertions="1" time="1.002607"/>
      </testsuite>
      <testsuite name="Erikwang2013\Consul\Tests\Service\LoadBalancer\RandomTest" file="/home/wwwroot/erikwang2013/consul-php/tests/Service/LoadBalancer/RandomTest.php" tests="4" assertions="5" errors="0" failures="0" skipped="0" time="0.008667">
        <testcase name="testSelectReturnsAnInstance" file="/home/wwwroot/erikwang2013/consul-php/tests/Service/LoadBalancer/RandomTest.php" line="10" class="Erikwang2013\Consul\Tests\Service\LoadBalancer\RandomTest" classname="Erikwang2013.Consul.Tests.Service.LoadBalancer.RandomTest" assertions="2" time="0.006253"/>
        <testcase name="testSelectReturnsNullWhenEmpty" file="/home/wwwroot/erikwang2013/consul-php/tests/Service/LoadBalancer/RandomTest.php" line="24" class="Erikwang2013\Consul\Tests\Service\LoadBalancer\RandomTest" classname="Erikwang2013.Consul.Tests.Service.LoadBalancer.RandomTest" assertions="1" time="0.000755"/>
        <testcase name="testSelectReturnsSingleInstance" file="/home/wwwroot/erikwang2013/consul-php/tests/Service/LoadBalancer/RandomTest.php" line="30" class="Erikwang2013\Consul\Tests\Service\LoadBalancer\RandomTest" classname="Erikwang2013.Consul.Tests.Service.LoadBalancer.RandomTest" assertions="1" time="0.000839"/>
        <testcase name="testSelectWorksWithAssociativeKeys" file="/home/wwwroot/erikwang2013/consul-php/tests/Service/LoadBalancer/RandomTest.php" line="38" class="Erikwang2013\Consul\Tests\Service\LoadBalancer\RandomTest" classname="Erikwang2013.Consul.Tests.Service.LoadBalancer.RandomTest" assertions="1" time="0.000820"/>
      </testsuite>
      <testsuite name="Erikwang2013\Consul\Tests\Service\LoadBalancer\RoundRobinTest" file="/home/wwwroot/erikwang2013/consul-php/tests/Service/LoadBalancer/RoundRobinTest.php" tests="5" assertions="13" errors="0" failures="0" skipped="0" time="0.007742">
        <testcase name="testSelectRotatesInstances" file="/home/wwwroot/erikwang2013/consul-php/tests/Service/LoadBalancer/RoundRobinTest.php" line="10" class="Erikwang2013\Consul\Tests\Service\LoadBalancer\RoundRobinTest" classname="Erikwang2013.Consul.Tests.Service.LoadBalancer.RoundRobinTest" assertions="4" time="0.001024"/>
        <testcase name="testSelectReturnsNullWhenEmpty" file="/home/wwwroot/erikwang2013/consul-php/tests/Service/LoadBalancer/RoundRobinTest.php" line="25" class="Erikwang2013\Consul\Tests\Service\LoadBalancer\RoundRobinTest" classname="Erikwang2013.Consul.Tests.Service.LoadBalancer.RoundRobinTest" assertions="1" time="0.000809"/>
        <testcase name="testSelectNormalizesAssociativeKeys" file="/home/wwwroot/erikwang2013/consul-php/tests/Service/LoadBalancer/RoundRobinTest.php" line="31" class="Erikwang2013\Consul\Tests\Service\LoadBalancer\RoundRobinTest" classname="Erikwang2013.Consul.Tests.Service.LoadBalancer.RoundRobinTest" assertions="3" time="0.004073"/>
        <testcase name="testSelectSingleInstanceAlwaysReturnsIt" file="/home/wwwroot/erikwang2013/consul-php/tests/Service/LoadBalancer/RoundRobinTest.php" line="44" class="Erikwang2013\Consul\Tests\Service\LoadBalancer\RoundRobinTest" classname="Erikwang2013.Consul.Tests.Service.LoadBalancer.RoundRobinTest" assertions="2" time="0.000866"/>
        <testcase name="testEmptySelectionDoesNotAdvanceCounter" file="/home/wwwroot/erikwang2013/consul-php/tests/Service/LoadBalancer/RoundRobinTest.php" line="53" class="Erikwang2013\Consul\Tests\Service\LoadBalancer\RoundRobinTest" classname="Erikwang2013.Consul.Tests.Service.LoadBalancer.RoundRobinTest" assertions="3" time="0.000970"/>
      </testsuite>
      <testsuite name="Erikwang2013\Consul\Tests\Service\RegistryTest" file="/home/wwwroot/erikwang2013/consul-php/tests/Service/RegistryTest.php" tests="13" assertions="15" errors="0" failures="0" skipped="0" time="0.035364">
        <testcase name="testRegisterWithTtlCheck" file="/home/wwwroot/erikwang2013/consul-php/tests/Service/RegistryTest.php" line="20" class="Erikwang2013\Consul\Tests\Service\RegistryTest" classname="Erikwang2013.Consul.Tests.Service.RegistryTest" assertions="1" time="0.011119"/>
        <testcase name="testRegisterWithHttpCheck" file="/home/wwwroot/erikwang2013/consul-php/tests/Service/RegistryTest.php" line="40" class="Erikwang2013\Consul\Tests\Service\RegistryTest" classname="Erikwang2013.Consul.Tests.Service.RegistryTest" assertions="1" time="0.001047"/>
        <testcase name="testHeartbeat" file="/home/wwwroot/erikwang2013/consul-php/tests/Service/RegistryTest.php" line="56" class="Erikwang2013\Consul\Tests\Service\RegistryTest" classname="Erikwang2013.Consul.Tests.Service.RegistryTest" assertions="1" time="0.001031"/>
        <testcase name="testHeartbeatFail" file="/home/wwwroot/erikwang2013/consul-php/tests/Service/RegistryTest.php" line="65" class="Erikwang2013\Consul\Tests\Service\RegistryTest" classname="Erikwang2013.Consul.Tests.Service.RegistryTest" assertions="1" time="0.004277"/>
        <testcase name="testDeregister" file="/home/wwwroot/erikwang2013/consul-php/tests/Service/RegistryTest.php" line="74" class="Erikwang2013\Consul\Tests\Service\RegistryTest" classname="Erikwang2013.Consul.Tests.Service.RegistryTest" assertions="1" time="0.001266"/>
        <testcase name="testRegisterWithTcpCheck" file="/home/wwwroot/erikwang2013/consul-php/tests/Service/RegistryTest.php" line="83" class="Erikwang2013\Consul\Tests\Service\RegistryTest" classname="Erikwang2013.Consul.Tests.Service.RegistryTest" assertions="1" time="0.009084"/>
        <testcase name="testRegisterWithGrpcCheck" file="/home/wwwroot/erikwang2013/consul-php/tests/Service/RegistryTest.php" line="99" class="Erikwang2013\Consul\Tests\Service\RegistryTest" classname="Erikwang2013.Consul.Tests.Service.RegistryTest" assertions="1" time="0.001162"/>
        <testcase name="testRegisterWithTtlCheckTimeoutAndDeregisterAfterCritical" file="/home/wwwroot/erikwang2013/consul-php/tests/Service/RegistryTest.php" line="115" class="Erikwang2013\Consul\Tests\Service\RegistryTest" classname="Erikwang2013.Consul.Tests.Service.RegistryTest" assertions="1" time="0.001077"/>
        <testcase name="testRegisterWithMeta" file="/home/wwwroot/erikwang2013/consul-php/tests/Service/RegistryTest.php" line="139" class="Erikwang2013\Consul\Tests\Service\RegistryTest" classname="Erikwang2013.Consul.Tests.Service.RegistryTest" assertions="1" time="0.000950"/>
        <testcase name="testRegisterWithoutCheckAndOptions" file="/home/wwwroot/erikwang2013/consul-php/tests/Service/RegistryTest.php" line="155" class="Erikwang2013\Consul\Tests\Service\RegistryTest" classname="Erikwang2013.Consul.Tests.Service.RegistryTest" assertions="1" time="0.001038"/>
        <testcase name="testRegisterWithUnsupportedCheckTypeThrows" file="/home/wwwroot/erikwang2013/consul-php/tests/Service/RegistryTest.php" line="168" class="Erikwang2013\Consul\Tests\Service\RegistryTest" classname="Erikwang2013.Consul.Tests.Service.RegistryTest" assertions="2" time="0.001116"/>
        <testcase name="testRegisterWithEmptyCheckArrayThrows" file="/home/wwwroot/erikwang2013/consul-php/tests/Service/RegistryTest.php" line="178" class="Erikwang2013\Consul\Tests\Service\RegistryTest" classname="Erikwang2013.Consul.Tests.Service.RegistryTest" assertions="2" time="0.001210"/>
        <testcase name="testHeartbeatWithNote" file="/home/wwwroot/erikwang2013/consul-php/tests/Service/RegistryTest.php" line="186" class="Erikwang2013\Consul\Tests\Service\RegistryTest" classname="Erikwang2013.Consul.Tests.Service.RegistryTest" assertions="1" time="0.000986"/>
      </testsuite>
      <testsuite name="Erikwang2013\Consul\Tests\Transport\Psr18TransportErrorsTest" file="/home/wwwroot/erikwang2013/consul-php/tests/Transport/Psr18TransportErrorsTest.php" tests="9" assertions="13" errors="0" failures="0" skipped="0" time="0.020140">
        <testcase name="test401ThrowsUnauthorizedException" file="/home/wwwroot/erikwang2013/consul-php/tests/Transport/Psr18TransportErrorsTest.php" line="52" class="Erikwang2013\Consul\Tests\Transport\Psr18TransportErrorsTest" classname="Erikwang2013.Consul.Tests.Transport.Psr18TransportErrorsTest" assertions="1" time="0.002124"/>
        <testcase name="testErrorCodeIsPreservedOnException" file="/home/wwwroot/erikwang2013/consul-php/tests/Transport/Psr18TransportErrorsTest.php" line="62" class="Erikwang2013\Consul\Tests\Transport\Psr18TransportErrorsTest" classname="Erikwang2013.Consul.Tests.Transport.Psr18TransportErrorsTest" assertions="3" time="0.002510"/>
        <testcase name="testGetRaw404ThrowsNotFoundException" file="/home/wwwroot/erikwang2013/consul-php/tests/Transport/Psr18TransportErrorsTest.php" line="78" class="Erikwang2013\Consul\Tests\Transport\Psr18TransportErrorsTest" classname="Erikwang2013.Consul.Tests.Transport.Psr18TransportErrorsTest" assertions="1" time="0.002152"/>
        <testcase name="testGetRaw500ThrowsServerException" file="/home/wwwroot/erikwang2013/consul-php/tests/Transport/Psr18TransportErrorsTest.php" line="88" class="Erikwang2013\Consul\Tests\Transport\Psr18TransportErrorsTest" classname="Erikwang2013.Consul.Tests.Transport.Psr18TransportErrorsTest" assertions="1" time="0.002028"/>
        <testcase name="testGetWithHeadersTransportErrorThrowsClientException" file="/home/wwwroot/erikwang2013/consul-php/tests/Transport/Psr18TransportErrorsTest.php" line="98" class="Erikwang2013\Consul\Tests\Transport\Psr18TransportErrorsTest" classname="Erikwang2013.Consul.Tests.Transport.Psr18TransportErrorsTest" assertions="2" time="0.001682"/>
        <testcase name="testGetWithHeaders500ThrowsServerException" file="/home/wwwroot/erikwang2013/consul-php/tests/Transport/Psr18TransportErrorsTest.php" line="110" class="Erikwang2013\Consul\Tests\Transport\Psr18TransportErrorsTest" classname="Erikwang2013.Consul.Tests.Transport.Psr18TransportErrorsTest" assertions="1" time="0.002098"/>
        <testcase name="testInvalidJsonResponseThrowsClientException" file="/home/wwwroot/erikwang2013/consul-php/tests/Transport/Psr18TransportErrorsTest.php" line="120" class="Erikwang2013\Consul\Tests\Transport\Psr18TransportErrorsTest" classname="Erikwang2013.Consul.Tests.Transport.Psr18TransportErrorsTest" assertions="2" time="0.002559"/>
        <testcase name="testEmptyJsonBodyDecodesToEmptyArray" file="/home/wwwroot/erikwang2013/consul-php/tests/Transport/Psr18TransportErrorsTest.php" line="131" class="Erikwang2013\Consul\Tests\Transport\Psr18TransportErrorsTest" classname="Erikwang2013.Consul.Tests.Transport.Psr18TransportErrorsTest" assertions="1" time="0.002174"/>
        <testcase name="testPutRawWithErrorStatusThrowsMappedException" file="/home/wwwroot/erikwang2013/consul-php/tests/Transport/Psr18TransportErrorsTest.php" line="142" class="Erikwang2013\Consul\Tests\Transport\Psr18TransportErrorsTest" classname="Erikwang2013.Consul.Tests.Transport.Psr18TransportErrorsTest" assertions="1" time="0.002813"/>
      </testsuite>
      <testsuite name="Erikwang2013\Consul\Tests\Transport\Psr18TransportRawTest" file="/home/wwwroot/erikwang2013/consul-php/tests/Transport/Psr18TransportRawTest.php" tests="6" assertions="11" errors="0" failures="0" skipped="0" time="0.014467">
        <testcase name="testBaseUriTrailingSlashIsTrimmed" file="/home/wwwroot/erikwang2013/consul-php/tests/Transport/Psr18TransportRawTest.php" line="42" class="Erikwang2013\Consul\Tests\Transport\Psr18TransportRawTest" classname="Erikwang2013.Consul.Tests.Transport.Psr18TransportRawTest" assertions="1" time="0.002153"/>
        <testcase name="testScalarJsonResponseIsWrappedInBodyKey" file="/home/wwwroot/erikwang2013/consul-php/tests/Transport/Psr18TransportRawTest.php" line="62" class="Erikwang2013\Consul\Tests\Transport\Psr18TransportRawTest" classname="Erikwang2013.Consul.Tests.Transport.Psr18TransportRawTest" assertions="1" time="0.002314"/>
        <testcase name="testStringScalarResponseIsWrappedInBodyKey" file="/home/wwwroot/erikwang2013/consul-php/tests/Transport/Psr18TransportRawTest.php" line="79" class="Erikwang2013\Consul\Tests\Transport\Psr18TransportRawTest" classname="Erikwang2013.Consul.Tests.Transport.Psr18TransportRawTest" assertions="1" time="0.002111"/>
        <testcase name="testPutRawEmptyBodyDoesNotSetContentTypeHeader" file="/home/wwwroot/erikwang2013/consul-php/tests/Transport/Psr18TransportRawTest.php" line="96" class="Erikwang2013\Consul\Tests\Transport\Psr18TransportRawTest" classname="Erikwang2013.Consul.Tests.Transport.Psr18TransportRawTest" assertions="2" time="0.002403"/>
        <testcase name="testPutRawWithTokenSetsHeader" file="/home/wwwroot/erikwang2013/consul-php/tests/Transport/Psr18TransportRawTest.php" line="118" class="Erikwang2013\Consul\Tests\Transport\Psr18TransportRawTest" classname="Erikwang2013.Consul.Tests.Transport.Psr18TransportRawTest" assertions="2" time="0.002867"/>
        <testcase name="testGetWithHeadersSetsTokenHeaderAndPreservesHeaderValues" file="/home/wwwroot/erikwang2013/consul-php/tests/Transport/Psr18TransportRawTest.php" line="143" class="Erikwang2013\Consul\Tests\Transport\Psr18TransportRawTest" classname="Erikwang2013.Consul.Tests.Transport.Psr18TransportRawTest" assertions="4" time="0.002619"/>
      </testsuite>
      <testsuite name="Erikwang2013\Consul\Tests\Transport\Psr18TransportTest" file="/home/wwwroot/erikwang2013/consul-php/tests/Transport/Psr18TransportTest.php" tests="17" assertions="23" errors="0" failures="0" skipped="0" time="0.038141">
        <testcase name="testGetRequestReturnsDecodedJson" file="/home/wwwroot/erikwang2013/consul-php/tests/Transport/Psr18TransportTest.php" line="46" class="Erikwang2013\Consul\Tests\Transport\Psr18TransportTest" classname="Erikwang2013.Consul.Tests.Transport.Psr18TransportTest" assertions="1" time="0.002213"/>
        <testcase name="test404ThrowsNotFoundException" file="/home/wwwroot/erikwang2013/consul-php/tests/Transport/Psr18TransportTest.php" line="64" class="Erikwang2013\Consul\Tests\Transport\Psr18TransportTest" classname="Erikwang2013.Consul.Tests.Transport.Psr18TransportTest" assertions="1" time="0.002000"/>
        <testcase name="test500ThrowsServerException" file="/home/wwwroot/erikwang2013/consul-php/tests/Transport/Psr18TransportTest.php" line="78" class="Erikwang2013\Consul\Tests\Transport\Psr18TransportTest" classname="Erikwang2013.Consul.Tests.Transport.Psr18TransportTest" assertions="1" time="0.001970"/>
        <testcase name="testTransportErrorThrowsClientException" file="/home/wwwroot/erikwang2013/consul-php/tests/Transport/Psr18TransportTest.php" line="92" class="Erikwang2013\Consul\Tests\Transport\Psr18TransportTest" classname="Erikwang2013.Consul.Tests.Transport.Psr18TransportTest" assertions="1" time="0.001452"/>
        <testcase name="testPostRequestWithBody" file="/home/wwwroot/erikwang2013/consul-php/tests/Transport/Psr18TransportTest.php" line="104" class="Erikwang2013\Consul\Tests\Transport\Psr18TransportTest" classname="Erikwang2013.Consul.Tests.Transport.Psr18TransportTest" assertions="1" time="0.002710"/>
        <testcase name="test403ThrowsAccessDeniedException" file="/home/wwwroot/erikwang2013/consul-php/tests/Transport/Psr18TransportTest.php" line="131" class="Erikwang2013\Consul\Tests\Transport\Psr18TransportTest" classname="Erikwang2013.Consul.Tests.Transport.Psr18TransportTest" assertions="1" time="0.001972"/>
        <testcase name="test400ThrowsConsulRequestException" file="/home/wwwroot/erikwang2013/consul-php/tests/Transport/Psr18TransportTest.php" line="145" class="Erikwang2013\Consul\Tests\Transport\Psr18TransportTest" classname="Erikwang2013.Consul.Tests.Transport.Psr18TransportTest" assertions="1" time="0.002000"/>
        <testcase name="testGetWithQueryParameters" file="/home/wwwroot/erikwang2013/consul-php/tests/Transport/Psr18TransportTest.php" line="159" class="Erikwang2013\Consul\Tests\Transport\Psr18TransportTest" classname="Erikwang2013.Consul.Tests.Transport.Psr18TransportTest" assertions="1" time="0.002131"/>
        <testcase name="testPutRequest" file="/home/wwwroot/erikwang2013/consul-php/tests/Transport/Psr18TransportTest.php" line="177" class="Erikwang2013\Consul\Tests\Transport\Psr18TransportTest" classname="Erikwang2013.Consul.Tests.Transport.Psr18TransportTest" assertions="1" time="0.002577"/>
        <testcase name="testDeleteRequest" file="/home/wwwroot/erikwang2013/consul-php/tests/Transport/Psr18TransportTest.php" line="203" class="Erikwang2013\Consul\Tests\Transport\Psr18TransportTest" classname="Erikwang2013.Consul.Tests.Transport.Psr18TransportTest" assertions="1" time="0.002139"/>
        <testcase name="testGetDoesNotSetContentTypeHeader" file="/home/wwwroot/erikwang2013/consul-php/tests/Transport/Psr18TransportTest.php" line="221" class="Erikwang2013\Consul\Tests\Transport\Psr18TransportTest" classname="Erikwang2013.Consul.Tests.Transport.Psr18TransportTest" assertions="2" time="0.002130"/>
        <testcase name="testTokenHeaderIsSetWhenTokenConfigured" file="/home/wwwroot/erikwang2013/consul-php/tests/Transport/Psr18TransportTest.php" line="239" class="Erikwang2013\Consul\Tests\Transport\Psr18TransportTest" classname="Erikwang2013.Consul.Tests.Transport.Psr18TransportTest" assertions="2" time="0.002372"/>
        <testcase name="testEmptyTokenDoesNotSetHeader" file="/home/wwwroot/erikwang2013/consul-php/tests/Transport/Psr18TransportTest.php" line="267" class="Erikwang2013\Consul\Tests\Transport\Psr18TransportTest" classname="Erikwang2013.Consul.Tests.Transport.Psr18TransportTest" assertions="2" time="0.002193"/>
        <testcase name="testGetRawReturnsRawString" file="/home/wwwroot/erikwang2013/consul-php/tests/Transport/Psr18TransportTest.php" line="292" class="Erikwang2013\Consul\Tests\Transport\Psr18TransportTest" classname="Erikwang2013.Consul.Tests.Transport.Psr18TransportTest" assertions="1" time="0.002038"/>
        <testcase name="testPutRawSendsRawBodyWithOctetStreamContentType" file="/home/wwwroot/erikwang2013/consul-php/tests/Transport/Psr18TransportTest.php" line="309" class="Erikwang2013\Consul\Tests\Transport\Psr18TransportTest" classname="Erikwang2013.Consul.Tests.Transport.Psr18TransportTest" assertions="1" time="0.002720"/>
        <testcase name="testGetWithHeadersReturnsHeadersAndBody" file="/home/wwwroot/erikwang2013/consul-php/tests/Transport/Psr18TransportTest.php" line="335" class="Erikwang2013\Consul\Tests\Transport\Psr18TransportTest" classname="Erikwang2013.Consul.Tests.Transport.Psr18TransportTest" assertions="2" time="0.002434"/>
        <testcase name="testServerErrorBodyIsTruncated" file="/home/wwwroot/erikwang2013/consul-php/tests/Transport/Psr18TransportTest.php" line="357" class="Erikwang2013\Consul\Tests\Transport\Psr18TransportTest" classname="Erikwang2013.Consul.Tests.Transport.Psr18TransportTest" assertions="3" time="0.003089"/>
      </testsuite>
    </testsuite>
  </testsuite>
</testsuites>
